#
# A fatal error has been detected by the Java Runtime Environment:
#
#  SIGSEGV (0xb) at pc=0x00007f8d834b6009, pid=18900, tid=18932
#
# JRE version: OpenJDK Runtime Environment (9.0) (build 9-internal+0-2016-04-14-195246.buildd.src)
# Java VM: OpenJDK 64-Bit Server VM (9-internal+0-2016-04-14-195246.buildd.src, mixed mode, tiered, compressed oops, g1 gc, linux-amd64)
# Problematic frame:
# C  [libjava.so+0x1d009]  JNU_GetEnv+0x19
#
# Core dump will be written. Default location: Core dumps may be processed with "/usr/share/apport/apport %p %s %c %d %P" (or dumping to /home/cborrego/Dropbox/theone/anoymous/one_1.5.1-RC2/core.18900)
#
# If you would like to submit a bug report, please visit:
#   http://bugreport.java.com/bugreport/crash.jsp
# The crash happened outside the Java Virtual Machine in native code.
# See problematic frame for where to report the bug.
#

---------------  S U M M A R Y ------------

Command Line: -Xmx512M core.DTNSim txt/info5.txt

Host: Intel(R) Core(TM) i3-6006U CPU @ 2.00GHz, 4 cores, 7G, Ubuntu 16.04.3 LTS
Time: Sun Sep 30 13:54:52 2018 CEST elapsed time: 6 seconds (0d 0h 0m 6s)

---------------  T H R E A D  ---------------

Current thread (0x00007f8d7c31f800):  JavaThread "AWT-EventQueue-0" [_thread_in_native, id=18932, stack(0x00007f8d0c6c7000,0x00007f8d0c7c8000)]

Stack: [0x00007f8d0c6c7000,0x00007f8d0c7c8000],  sp=0x00007f8d0c7c3380,  free space=1008k
Native frames: (J=compiled Java code, j=interpreted, Vv=VM code, C=native code)
C  [libjava.so+0x1d009]  JNU_GetEnv+0x19
C  [libfontmanager.so+0x33f8e]
C  [libfreetype.so.6+0x14d2b]  FT_Stream_Seek+0x1b

Java frames: (J=compiled Java code, j=interpreted, Vv=VM code)
j  sun.font.FreetypeFontScaler.initNativeScaler(Lsun/font/Font2D;IIZI)J+0 java.desktop@9-internal
j  sun.font.FreetypeFontScaler.<init>(Lsun/font/Font2D;IZI)V+26 java.desktop@9-internal
v  ~StubRoutines::call_stub
j  sun.reflect.NativeConstructorAccessorImpl.newInstance0(Ljava/lang/reflect/Constructor;[Ljava/lang/Object;)Ljava/lang/Object;+0 java.base@9-internal
j  sun.reflect.NativeConstructorAccessorImpl.newInstance([Ljava/lang/Object;)Ljava/lang/Object;+85 java.base@9-internal
j  sun.reflect.DelegatingConstructorAccessorImpl.newInstance([Ljava/lang/Object;)Ljava/lang/Object;+5 java.base@9-internal
j  java.lang.reflect.Constructor.newInstance([Ljava/lang/Object;)Ljava/lang/Object;+65 java.base@9-internal
j  sun.font.FontScaler.getScaler(Lsun/font/Font2D;IZI)Lsun/font/FontScaler;+39 java.desktop@9-internal
j  sun.font.TrueTypeFont.getScaler()Lsun/font/FontScaler;+21 java.desktop@9-internal
j  sun.font.FileFontStrike.<init>(Lsun/font/FileFont;Lsun/font/FontStrikeDesc;)V+204 java.desktop@9-internal
j  sun.font.FileFont.createStrike(Lsun/font/FontStrikeDesc;)Lsun/font/FontStrike;+18 java.desktop@9-internal
j  sun.font.Font2D.getStrike(Lsun/font/FontStrikeDesc;Z)Lsun/font/FontStrike;+92 java.desktop@9-internal
j  sun.font.Font2D.getStrike(Lsun/font/FontStrikeDesc;)Lsun/font/FontStrike;+3 java.desktop@9-internal
j  sun.font.CompositeStrike.getStrikeForSlot(I)Lsun/font/PhysicalStrike;+23 java.desktop@9-internal
j  sun.font.CompositeStrike.getFontMetrics()Lsun/font/StrikeMetrics;+31 java.desktop@9-internal
j  sun.font.FontDesignMetrics.initMatrixAndMetrics()V+28 java.desktop@9-internal
j  sun.font.FontDesignMetrics.<init>(Ljava/awt/Font;Ljava/awt/font/FontRenderContext;)V+62 java.desktop@9-internal
j  sun.font.FontDesignMetrics.getMetrics(Ljava/awt/Font;Ljava/awt/font/FontRenderContext;)Lsun/font/FontDesignMetrics;+128 java.desktop@9-internal
j  sun.swing.SwingUtilities2.getFontMetrics(Ljavax/swing/JComponent;Ljava/awt/Font;)Ljava/awt/FontMetrics;+15 java.desktop@9-internal
j  javax.swing.JComponent.getFontMetrics(Ljava/awt/Font;)Ljava/awt/FontMetrics;+2 java.desktop@9-internal
j  javax.swing.text.PlainView.calculateLongestLine()V+19 java.desktop@9-internal
j  javax.swing.text.PlainView.updateMetrics()V+19 java.desktop@9-internal
j  javax.swing.text.PlainView.updateDamage(Ljavax/swing/event/DocumentEvent;Ljava/awt/Shape;Ljavax/swing/text/ViewFactory;)V+7 java.desktop@9-internal
j  javax.swing.text.PlainView.insertUpdate(Ljavax/swing/event/DocumentEvent;Ljava/awt/Shape;Ljavax/swing/text/ViewFactory;)V+4 java.desktop@9-internal
j  javax.swing.text.FieldView.insertUpdate(Ljavax/swing/event/DocumentEvent;Ljava/awt/Shape;Ljavax/swing/text/ViewFactory;)V+8 java.desktop@9-internal
j  javax.swing.plaf.basic.BasicTextUI$RootView.insertUpdate(Ljavax/swing/event/DocumentEvent;Ljava/awt/Shape;Ljavax/swing/text/ViewFactory;)V+14 java.desktop@9-internal
j  javax.swing.plaf.basic.BasicTextUI$UpdateHandler.insertUpdate(Ljavax/swing/event/DocumentEvent;)V+101 java.desktop@9-internal
j  javax.swing.text.AbstractDocument.fireInsertUpdate(Ljavax/swing/event/DocumentEvent;)V+39 java.desktop@9-internal
j  javax.swing.text.AbstractDocument.handleInsertString(ILjava/lang/String;Ljavax/swing/text/AttributeSet;)V+150 java.desktop@9-internal
j  javax.swing.text.AbstractDocument.insertString(ILjava/lang/String;Ljavax/swing/text/AttributeSet;)V+46 java.desktop@9-internal
j  javax.swing.text.PlainDocument.insertString(ILjava/lang/String;Ljavax/swing/text/AttributeSet;)V+104 java.desktop@9-internal
j  javax.swing.text.AbstractDocument.replace(IILjava/lang/String;Ljavax/swing/text/AttributeSet;)V+74 java.desktop@9-internal
j  javax.swing.text.JTextComponent.setText(Ljava/lang/String;)V+25 java.desktop@9-internal
j  javax.swing.JTextField.<init>(Ljavax/swing/text/Document;Ljava/lang/String;I)V+77 java.desktop@9-internal
j  javax.swing.JTextField.<init>(Ljava/lang/String;)V+4 java.desktop@9-internal
j  gui.GUIControls.initPanel()V+18
j  gui.GUIControls.<init>(Lgui/DTNSimGUI;Lgui/playfield/PlayField;)V+49
j  gui.DTNSimGUI.initGUI()V+58
j  gui.DTNSimGUI.access$000(Lgui/DTNSimGUI;)V+1
j  gui.DTNSimGUI$1.run()V+4
j  java.awt.event.InvocationEvent.dispatch()V+11 java.desktop@9-internal
j  java.awt.EventQueue.dispatchEventImpl(Ljava/awt/AWTEvent;Ljava/lang/Object;)V+21 java.desktop@9-internal
j  java.awt.EventQueue.access$500(Ljava/awt/EventQueue;Ljava/awt/AWTEvent;Ljava/lang/Object;)V+3 java.desktop@9-internal
j  java.awt.EventQueue$3.run()Ljava/lang/Void;+32 java.desktop@9-internal
j  java.awt.EventQueue$3.run()Ljava/lang/Object;+1 java.desktop@9-internal
v  ~StubRoutines::call_stub
j  java.security.AccessController.doPrivileged(Ljava/security/PrivilegedAction;Ljava/security/AccessControlContext;)Ljava/lang/Object;+0 java.base@9-internal
j  java.security.ProtectionDomain$JavaSecurityAccessImpl.doIntersectionPrivilege(Ljava/security/PrivilegedAction;Ljava/security/AccessControlContext;Ljava/security/AccessControlContext;)Ljava/lang/Object;+18 java.base@9-internal
j  java.awt.EventQueue.dispatchEvent(Ljava/awt/AWTEvent;)V+46 java.desktop@9-internal
j  java.awt.EventDispatchThread.pumpOneEventForFilters(I)V+183 java.desktop@9-internal
j  java.awt.EventDispatchThread.pumpEventsForFilter(ILjava/awt/Conditional;Ljava/awt/EventFilter;)V+35 java.desktop@9-internal
j  java.awt.EventDispatchThread.pumpEventsForHierarchy(ILjava/awt/Conditional;Ljava/awt/Component;)V+11 java.desktop@9-internal
j  java.awt.EventDispatchThread.pumpEvents(ILjava/awt/Conditional;)V+4 java.desktop@9-internal
j  java.awt.EventDispatchThread.pumpEvents(Ljava/awt/Conditional;)V+3 java.desktop@9-internal
j  java.awt.EventDispatchThread.run()V+9 java.desktop@9-internal
v  ~StubRoutines::call_stub

siginfo: si_signo: 11 (SIGSEGV), si_code: 1 (SEGV_MAPERR), si_addr: 0x0000000000000000

Register to memory mapping:

RAX=0x0000000000000000 is an unknown value
RBX=0x0000000000000000 is an unknown value
RCX=0x0000000000000000 is an unknown value
RDX=0x0000000000010002 is an unknown value
RSP=0x00007f8d0c7c3380 is pointing into the stack for thread: 0x00007f8d7c31f800
RBP=0x00007f8d0c7c3390 is pointing into the stack for thread: 0x00007f8d7c31f800
RSI=0x0000000000010002 is an unknown value
RDI=0x0000000000000000 is an unknown value
R8 =0x0000000000000000 is an unknown value
R9 =0x00000000000b6000 is an unknown value
R10=0x00000000000001db is an unknown value
R11=0x00007f8d834b5ff0: JNU_GetEnv+0x0000000000000000 in /usr/lib/jvm/java-9-openjdk-amd64/lib/amd64/libjava.so at 0x00007f8d83499000
R12=0x00007f8cf40b5ac0 is an unknown value
R13=0x0000000000000000 is an unknown value
R14=0x0000000000000000 is an unknown value
R15=0x00007f8cf40b5b20 is an unknown value


Registers:
RAX=0x0000000000000000, RBX=0x0000000000000000, RCX=0x0000000000000000, RDX=0x0000000000010002
RSP=0x00007f8d0c7c3380, RBP=0x00007f8d0c7c3390, RSI=0x0000000000010002, RDI=0x0000000000000000
R8 =0x0000000000000000, R9 =0x00000000000b6000, R10=0x00000000000001db, R11=0x00007f8d834b5ff0
R12=0x00007f8cf40b5ac0, R13=0x0000000000000000, R14=0x0000000000000000, R15=0x00007f8cf40b5b20
RIP=0x00007f8d834b6009, EFLAGS=0x0000000000010246, CSGSFS=0x002b000000000033, ERR=0x0000000000000004
  TRAPNO=0x000000000000000e

Top of Stack: (sp=0x00007f8d0c7c3380)
0x00007f8d0c7c3380:   0000000000000000 e1463cb0d8149400
0x00007f8d0c7c3390:   00007f8d0c7c33d0 00007f8d344a3f8e
0x00007f8d0c7c33a0:   00007f8cf4000078 00007f8cf40b5ac0
0x00007f8d0c7c33b0:   0000000000000000 0000000000000000
0x00007f8d0c7c33c0:   00007f8cf40b5ac0 00007f8cf40b5b20
0x00007f8d0c7c33d0:   0000000000000000 00007f8d341dad2b
0x00007f8d0c7c33e0:   0000000000000000 00007f8d3446cd80
0x00007f8d0c7c33f0:   0000000000000000 00007f8d341ee8e0
0x00007f8d0c7c3400:   0000000000000002 0000003200000008
0x00007f8d0c7c3410:   0000000000000000 0000000000000000
0x00007f8d0c7c3420:   0000006e0000005b 0000000000000000
0x00007f8d0c7c3430:   0000000000000000 0000007c00000077
0x00007f8d0c7c3440:   0202020202020202 0202020202020202
0x00007f8d0c7c3450:   0000000000000000 0000000000000000
0x00007f8d0c7c3460:   468b45f04e8b41d0 00007f8cf4000020
0x00007f8d0c7c3470:   0000000000000070 00007f8d0c7c3524
0x00007f8d0c7c3480:   00007f8cf40b4f60 00007f8cf40b5b20
0x00007f8d0c7c3490:   00007f8d0c7c3524 00007f8d85bc4184
0x00007f8d0c7c34a0:   00007f8d84b3bf00 00007f8d0c7c34d4
0x00007f8d0c7c34b0:   00007f8d344699e0 e1463cb0d8149400
0x00007f8d0c7c34c0:   0000000000000070 00007f8cf40b4da0
0x00007f8d0c7c34d0:   00007f8d344699e0 00007f8d0c7c35e8
0x00007f8d0c7c34e0:   00007f8cf40b4f60 00007f8cf40b5b20
0x00007f8d0c7c34f0:   00007f8cf40b6050 00007f8d341dd4c2
0x00007f8d0c7c3500:   0000000100000000 00007f8d0c7c35f0
0x00007f8d0c7c3510:   0000000000000000 0000000000000000
0x00007f8d0c7c3520:   000000000c7c35e8 e1463cb0d8149400
0x00007f8d0c7c3530:   00007f8cf40b4da0 00007f8d0c7c35f0
0x00007f8d0c7c3540:   0000000000000000 00007f8cf40b4e88
0x00007f8d0c7c3550:   00007f8d0c7c37f0 00007f8cf40b4de8
0x00007f8d0c7c3560:   00007f8cf40b4f60 00007f8d341df581
0x00007f8d0c7c3570:   00007f8d0c7c35f0 00007f8d341df376 

Instructions: (pc=0x00007f8d834b6009)
0x00007f8d834b5fe9:   ff eb ea 0f 1f 40 00 55 89 f2 48 89 e5 48 83 ec
0x00007f8d834b5ff9:   10 64 48 8b 04 25 28 00 00 00 48 89 45 f8 31 c0
0x00007f8d834b6009:   48 8b 07 48 8d 75 f0 ff 50 30 48 8b 4d f8 64 48
0x00007f8d834b6019:   33 0c 25 28 00 00 00 48 8b 45 f0 75 02 c9 c3 e8 


---------------  P R O C E S S  ---------------

Java Threads: ( => current thread )
=>0x00007f8d7c31f800 JavaThread "AWT-EventQueue-0" [_thread_in_native, id=18932, stack(0x00007f8d0c6c7000,0x00007f8d0c7c8000)]
  0x00007f8d7c2b6000 JavaThread "AWT-Shutdown" [_thread_blocked, id=18931, stack(0x00007f8d0c7c8000,0x00007f8d0c8c9000)]
  0x00007f8d7c2b1800 JavaThread "AWT-XAWT" daemon [_thread_in_native, id=18930, stack(0x00007f8d0c8c9000,0x00007f8d0c9ca000)]
  0x00007f8d7c2f6800 JavaThread "Java2D Disposer" daemon [_thread_blocked, id=18929, stack(0x00007f8d340c5000,0x00007f8d341c6000)]
  0x00007f8d7c1f7800 JavaThread "Service Thread" daemon [_thread_blocked, id=18925, stack(0x00007f8d35eff000,0x00007f8d36000000)]
  0x00007f8d7c151000 JavaThread "Common-Cleaner" daemon [_thread_blocked, id=18924, stack(0x00007f8d6409d000,0x00007f8d6419e000)]
  0x00007f8d7c139800 JavaThread "Sweeper thread" daemon [_thread_blocked, id=18923, stack(0x00007f8d645c8000,0x00007f8d646c9000)]
  0x00007f8d7c138000 JavaThread "C1 CompilerThread2" daemon [_thread_blocked, id=18922, stack(0x00007f8d646c9000,0x00007f8d647ca000)]
  0x00007f8d7c136000 JavaThread "C2 CompilerThread1" daemon [_thread_in_native, id=18921, stack(0x00007f8d647ca000,0x00007f8d648cb000)]
  0x00007f8d7c134000 JavaThread "C2 CompilerThread0" daemon [_thread_in_native, id=18920, stack(0x00007f8d648cb000,0x00007f8d649cc000)]
  0x00007f8d7c130000 JavaThread "Signal Dispatcher" daemon [_thread_blocked, id=18919, stack(0x00007f8d649cc000,0x00007f8d64acd000)]
  0x00007f8d7c12d800 JavaThread "Surrogate Locker Thread (Concurrent GC)" daemon [_thread_blocked, id=18918, stack(0x00007f8d64acd000,0x00007f8d64bce000)]
  0x00007f8d7c11b000 JavaThread "Finalizer" daemon [_thread_blocked, id=18917, stack(0x00007f8d64fd7000,0x00007f8d650d8000)]
  0x00007f8d7c117000 JavaThread "Reference Handler" daemon [_thread_blocked, id=18916, stack(0x00007f8d650d8000,0x00007f8d651d9000)]
  0x00007f8d7c011000 JavaThread "main" [_thread_blocked, id=18901, stack(0x00007f8d86219000,0x00007f8d8631a000)]

Other Threads:
  0x00007f8d7c10d000 VMThread [stack: 0x00007f8d651d9000,0x00007f8d652da000] [id=18915]
  0x00007f8d7c1fa800 WatcherThread [stack: 0x00007f8d35dfe000,0x00007f8d35eff000] [id=18926]

Threads with active compile tasks:
C2 CompilerThread11054       4       java.util.HashMap::putVal (300 bytes)
C2 CompilerThread01039       4       java.util.Properties::loadConvert (505 bytes)

VM state:not at safepoint (normal execution)

VM Mutex/Monitor currently owned by a thread: None

heap address: 0x00000000e0000000, size: 512 MB, Compressed Oops mode: 32-bit
Narrow klass base: 0x0000000000000000, Narrow klass shift: 3
Compressed class space size: 1073741824 Address: 0x0000000100000000

Heap:
 garbage-first heap   total 227328K, used 126275K [0x00000000e0000000, 0x00000000e01006f0, 0x0000000100000000)
  region size 1024K, 122 young (124928K), 1 survivors (1024K)
 Metaspace       used 11783K, capacity 12166K, committed 12288K, reserved 1060864K
  class space    used 1350K, capacity 1504K, committed 1536K, reserved 1048576K

Heap Regions: E=young(eden), S=young(survivor), O=old, HS=humongous(starts), HC=humongous(continues), CS=collection set, F=free, A=archive, TS=gc time stamp, AC=allocation context, TAMS=top-at-mark-start (previous, next)
|   0|0x00000000e0000000, 0x00000000e0100000, 0x00000000e0100000|100%| O|  |TS 31|AC  0|TAMS 0x00000000e0000000, 0x00000000e0000000|
|   1|0x00000000e0100000, 0x00000000e0200000, 0x00000000e0200000|100%| O|  |TS 71|AC  0|TAMS 0x00000000e0100000, 0x00000000e0100000|
|   2|0x00000000e0200000, 0x00000000e02aba00, 0x00000000e0300000| 67%| O|  |TS103|AC  0|TAMS 0x00000000e0200000, 0x00000000e0200000|
|   3|0x00000000e0300000, 0x00000000e0300000, 0x00000000e0400000|  0%| F|  |TS  0|AC  0|TAMS 0x00000000e0300000, 0x00000000e0300000|
|   4|0x00000000e0400000, 0x00000000e0400000, 0x00000000e0500000|  0%| F|  |TS  0|AC  0|TAMS 0x00000000e0400000, 0x00000000e0400000|
|   5|0x00000000e0500000, 0x00000000e0500000, 0x00000000e0600000|  0%| F|  |TS  0|AC  0|TAMS 0x00000000e0500000, 0x00000000e0500000|
|   6|0x00000000e0600000, 0x00000000e0600000, 0x00000000e0700000|  0%| F|  |TS  0|AC  0|TAMS 0x00000000e0600000, 0x00000000e0600000|
|   7|0x00000000e0700000, 0x00000000e0700000, 0x00000000e0800000|  0%| F|  |TS  0|AC  0|TAMS 0x00000000e0700000, 0x00000000e0700000|
|   8|0x00000000e0800000, 0x00000000e0800000, 0x00000000e0900000|  0%| F|  |TS  0|AC  0|TAMS 0x00000000e0800000, 0x00000000e0800000|
|   9|0x00000000e0900000, 0x00000000e0900000, 0x00000000e0a00000|  0%| F|  |TS  0|AC  0|TAMS 0x00000000e0900000, 0x00000000e0900000|
|  10|0x00000000e0a00000, 0x00000000e0a00000, 0x00000000e0b00000|  0%| F|  |TS  0|AC  0|TAMS 0x00000000e0a00000, 0x00000000e0a00000|
|  11|0x00000000e0b00000, 0x00000000e0b00000, 0x00000000e0c00000|  0%| F|  |TS  0|AC  0|TAMS 0x00000000e0b00000, 0x00000000e0b00000|
|  12|0x00000000e0c00000, 0x00000000e0c00000, 0x00000000e0d00000|  0%| F|  |TS  0|AC  0|TAMS 0x00000000e0c00000, 0x00000000e0c00000|
|  13|0x00000000e0d00000, 0x00000000e0d00000, 0x00000000e0e00000|  0%| F|  |TS  0|AC  0|TAMS 0x00000000e0d00000, 0x00000000e0d00000|
|  14|0x00000000e0e00000, 0x00000000e0e00000, 0x00000000e0f00000|  0%| F|  |TS  0|AC  0|TAMS 0x00000000e0e00000, 0x00000000e0e00000|
|  15|0x00000000e0f00000, 0x00000000e0f00000, 0x00000000e1000000|  0%| F|  |TS  0|AC  0|TAMS 0x00000000e0f00000, 0x00000000e0f00000|
|  16|0x00000000e1000000, 0x00000000e1000000, 0x00000000e1100000|  0%| F|  |TS  0|AC  0|TAMS 0x00000000e1000000, 0x00000000e1000000|
|  17|0x00000000e1100000, 0x00000000e1100000, 0x00000000e1200000|  0%| F|  |TS  0|AC  0|TAMS 0x00000000e1100000, 0x00000000e1100000|
|  18|0x00000000e1200000, 0x00000000e1200000, 0x00000000e1300000|  0%| F|  |TS  0|AC  0|TAMS 0x00000000e1200000, 0x00000000e1200000|
|  19|0x00000000e1300000, 0x00000000e1300000, 0x00000000e1400000|  0%| F|  |TS  0|AC  0|TAMS 0x00000000e1300000, 0x00000000e1300000|
|  20|0x00000000e1400000, 0x00000000e1400000, 0x00000000e1500000|  0%| F|  |TS  0|AC  0|TAMS 0x00000000e1400000, 0x00000000e1400000|
|  21|0x00000000e1500000, 0x00000000e1500000, 0x00000000e1600000|  0%| F|  |TS  0|AC  0|TAMS 0x00000000e1500000, 0x00000000e1500000|
|  22|0x00000000e1600000, 0x00000000e1600000, 0x00000000e1700000|  0%| F|  |TS  0|AC  0|TAMS 0x00000000e1600000, 0x00000000e1600000|
|  23|0x00000000e1700000, 0x00000000e1700000, 0x00000000e1800000|  0%| F|  |TS  0|AC  0|TAMS 0x00000000e1700000, 0x00000000e1700000|
|  24|0x00000000e1800000, 0x00000000e1800000, 0x00000000e1900000|  0%| F|  |TS  0|AC  0|TAMS 0x00000000e1800000, 0x00000000e1800000|
|  25|0x00000000e1900000, 0x00000000e1900000, 0x00000000e1a00000|  0%| F|  |TS  0|AC  0|TAMS 0x00000000e1900000, 0x00000000e1900000|
|  26|0x00000000e1a00000, 0x00000000e1a00000, 0x00000000e1b00000|  0%| F|  |TS  0|AC  0|TAMS 0x00000000e1a00000, 0x00000000e1a00000|
|  27|0x00000000e1b00000, 0x00000000e1b00000, 0x00000000e1c00000|  0%| F|  |TS  0|AC  0|TAMS 0x00000000e1b00000, 0x00000000e1b00000|
|  28|0x00000000e1c00000, 0x00000000e1c00000, 0x00000000e1d00000|  0%| F|  |TS  0|AC  0|TAMS 0x00000000e1c00000, 0x00000000e1c00000|
|  29|0x00000000e1d00000, 0x00000000e1d00000, 0x00000000e1e00000|  0%| F|  |TS  0|AC  0|TAMS 0x00000000e1d00000, 0x00000000e1d00000|
|  30|0x00000000e1e00000, 0x00000000e1e00000, 0x00000000e1f00000|  0%| F|  |TS  0|AC  0|TAMS 0x00000000e1e00000, 0x00000000e1e00000|
|  31|0x00000000e1f00000, 0x00000000e1f00000, 0x00000000e2000000|  0%| F|  |TS  0|AC  0|TAMS 0x00000000e1f00000, 0x00000000e1f00000|
|  32|0x00000000e2000000, 0x00000000e2000000, 0x00000000e2100000|  0%| F|  |TS  0|AC  0|TAMS 0x00000000e2000000, 0x00000000e2000000|
|  33|0x00000000e2100000, 0x00000000e2100000, 0x00000000e2200000|  0%| F|  |TS  0|AC  0|TAMS 0x00000000e2100000, 0x00000000e2100000|
|  34|0x00000000e2200000, 0x00000000e2200000, 0x00000000e2300000|  0%| F|  |TS  0|AC  0|TAMS 0x00000000e2200000, 0x00000000e2200000|
|  35|0x00000000e2300000, 0x00000000e2300000, 0x00000000e2400000|  0%| F|  |TS  0|AC  0|TAMS 0x00000000e2300000, 0x00000000e2300000|
|  36|0x00000000e2400000, 0x00000000e2400000, 0x00000000e2500000|  0%| F|  |TS  0|AC  0|TAMS 0x00000000e2400000, 0x00000000e2400000|
|  37|0x00000000e2500000, 0x00000000e2500000, 0x00000000e2600000|  0%| F|  |TS  0|AC  0|TAMS 0x00000000e2500000, 0x00000000e2500000|
|  38|0x00000000e2600000, 0x00000000e2600000, 0x00000000e2700000|  0%| F|  |TS  0|AC  0|TAMS 0x00000000e2600000, 0x00000000e2600000|
|  39|0x00000000e2700000, 0x00000000e2700000, 0x00000000e2800000|  0%| F|  |TS  0|AC  0|TAMS 0x00000000e2700000, 0x00000000e2700000|
|  40|0x00000000e2800000, 0x00000000e2800000, 0x00000000e2900000|  0%| F|  |TS  0|AC  0|TAMS 0x00000000e2800000, 0x00000000e2800000|
|  41|0x00000000e2900000, 0x00000000e2900000, 0x00000000e2a00000|  0%| F|  |TS  0|AC  0|TAMS 0x00000000e2900000, 0x00000000e2900000|
|  42|0x00000000e2a00000, 0x00000000e2a00000, 0x00000000e2b00000|  0%| F|  |TS  0|AC  0|TAMS 0x00000000e2a00000, 0x00000000e2a00000|
|  43|0x00000000e2b00000, 0x00000000e2b00000, 0x00000000e2c00000|  0%| F|  |TS  0|AC  0|TAMS 0x00000000e2b00000, 0x00000000e2b00000|
|  44|0x00000000e2c00000, 0x00000000e2c00000, 0x00000000e2d00000|  0%| F|  |TS  0|AC  0|TAMS 0x00000000e2c00000, 0x00000000e2c00000|
|  45|0x00000000e2d00000, 0x00000000e2d00000, 0x00000000e2e00000|  0%| F|  |TS  0|AC  0|TAMS 0x00000000e2d00000, 0x00000000e2d00000|
|  46|0x00000000e2e00000, 0x00000000e2e00000, 0x00000000e2f00000|  0%| F|  |TS  0|AC  0|TAMS 0x00000000e2e00000, 0x00000000e2e00000|
|  47|0x00000000e2f00000, 0x00000000e2f00000, 0x00000000e3000000|  0%| F|  |TS  0|AC  0|TAMS 0x00000000e2f00000, 0x00000000e2f00000|
|  48|0x00000000e3000000, 0x00000000e3000000, 0x00000000e3100000|  0%| F|  |TS 15|AC  0|TAMS 0x00000000e3000000, 0x00000000e3000000|
|  49|0x00000000e3100000, 0x00000000e3100000, 0x00000000e3200000|  0%| F|  |TS 15|AC  0|TAMS 0x00000000e3100000, 0x00000000e3100000|
|  50|0x00000000e3200000, 0x00000000e3200000, 0x00000000e3300000|  0%| F|  |TS 13|AC  0|TAMS 0x00000000e3200000, 0x00000000e3200000|
|  51|0x00000000e3300000, 0x00000000e3300000, 0x00000000e3400000|  0%| F|  |TS 13|AC  0|TAMS 0x00000000e3300000, 0x00000000e3300000|
|  52|0x00000000e3400000, 0x00000000e3400000, 0x00000000e3500000|  0%| F|  |TS  0|AC  0|TAMS 0x00000000e3400000, 0x00000000e3400000|
|  53|0x00000000e3500000, 0x00000000e3500000, 0x00000000e3600000|  0%| F|  |TS  0|AC  0|TAMS 0x00000000e3500000, 0x00000000e3500000|
|  54|0x00000000e3600000, 0x00000000e3600000, 0x00000000e3700000|  0%| F|  |TS  0|AC  0|TAMS 0x00000000e3600000, 0x00000000e3600000|
|  55|0x00000000e3700000, 0x00000000e3700000, 0x00000000e3800000|  0%| F|  |TS  0|AC  0|TAMS 0x00000000e3700000, 0x00000000e3700000|
|  56|0x00000000e3800000, 0x00000000e3800000, 0x00000000e3900000|  0%| F|  |TS  0|AC  0|TAMS 0x00000000e3800000, 0x00000000e3800000|
|  57|0x00000000e3900000, 0x00000000e3900000, 0x00000000e3a00000|  0%| F|  |TS  0|AC  0|TAMS 0x00000000e3900000, 0x00000000e3900000|
|  58|0x00000000e3a00000, 0x00000000e3a00000, 0x00000000e3b00000|  0%| F|  |TS  0|AC  0|TAMS 0x00000000e3a00000, 0x00000000e3a00000|
|  59|0x00000000e3b00000, 0x00000000e3b00000, 0x00000000e3c00000|  0%| F|  |TS  0|AC  0|TAMS 0x00000000e3b00000, 0x00000000e3b00000|
|  60|0x00000000e3c00000, 0x00000000e3c00000, 0x00000000e3d00000|  0%| F|  |TS  0|AC  0|TAMS 0x00000000e3c00000, 0x00000000e3c00000|
|  61|0x00000000e3d00000, 0x00000000e3d00000, 0x00000000e3e00000|  0%| F|  |TS  0|AC  0|TAMS 0x00000000e3d00000, 0x00000000e3d00000|
|  62|0x00000000e3e00000, 0x00000000e3e00000, 0x00000000e3f00000|  0%| F|  |TS  0|AC  0|TAMS 0x00000000e3e00000, 0x00000000e3e00000|
|  63|0x00000000e3f00000, 0x00000000e3f00000, 0x00000000e4000000|  0%| F|  |TS  0|AC  0|TAMS 0x00000000e3f00000, 0x00000000e3f00000|
|  64|0x00000000e4000000, 0x00000000e4000000, 0x00000000e4100000|  0%| F|  |TS  0|AC  0|TAMS 0x00000000e4000000, 0x00000000e4000000|
|  65|0x00000000e4100000, 0x00000000e4100000, 0x00000000e4200000|  0%| F|  |TS  0|AC  0|TAMS 0x00000000e4100000, 0x00000000e4100000|
|  66|0x00000000e4200000, 0x00000000e4200000, 0x00000000e4300000|  0%| F|  |TS  0|AC  0|TAMS 0x00000000e4200000, 0x00000000e4200000|
|  67|0x00000000e4300000, 0x00000000e4300000, 0x00000000e4400000|  0%| F|  |TS  0|AC  0|TAMS 0x00000000e4300000, 0x00000000e4300000|
|  68|0x00000000e4400000, 0x00000000e4400000, 0x00000000e4500000|  0%| F|  |TS  0|AC  0|TAMS 0x00000000e4400000, 0x00000000e4400000|
|  69|0x00000000e4500000, 0x00000000e4500000, 0x00000000e4600000|  0%| F|  |TS  0|AC  0|TAMS 0x00000000e4500000, 0x00000000e4500000|
|  70|0x00000000e4600000, 0x00000000e4600000, 0x00000000e4700000|  0%| F|  |TS  0|AC  0|TAMS 0x00000000e4600000, 0x00000000e4600000|
|  71|0x00000000e4700000, 0x00000000e4700000, 0x00000000e4800000|  0%| F|  |TS  0|AC  0|TAMS 0x00000000e4700000, 0x00000000e4700000|
|  72|0x00000000e4800000, 0x00000000e4800000, 0x00000000e4900000|  0%| F|  |TS  0|AC  0|TAMS 0x00000000e4800000, 0x00000000e4800000|
|  73|0x00000000e4900000, 0x00000000e4900000, 0x00000000e4a00000|  0%| F|  |TS  0|AC  0|TAMS 0x00000000e4900000, 0x00000000e4900000|
|  74|0x00000000e4a00000, 0x00000000e4a00000, 0x00000000e4b00000|  0%| F|  |TS  0|AC  0|TAMS 0x00000000e4a00000, 0x00000000e4a00000|
|  75|0x00000000e4b00000, 0x00000000e4b00000, 0x00000000e4c00000|  0%| F|  |TS  0|AC  0|TAMS 0x00000000e4b00000, 0x00000000e4b00000|
|  76|0x00000000e4c00000, 0x00000000e4c00000, 0x00000000e4d00000|  0%| F|  |TS  0|AC  0|TAMS 0x00000000e4c00000, 0x00000000e4c00000|
|  77|0x00000000e4d00000, 0x00000000e4d00000, 0x00000000e4e00000|  0%| F|  |TS 27|AC  0|TAMS 0x00000000e4d00000, 0x00000000e4d00000|
|  78|0x00000000e4e00000, 0x00000000e4e00000, 0x00000000e4f00000|  0%| F|  |TS 31|AC  0|TAMS 0x00000000e4e00000, 0x00000000e4e00000|
|  79|0x00000000e4f00000, 0x00000000e4f00000, 0x00000000e5000000|  0%| F|  |TS 29|AC  0|TAMS 0x00000000e4f00000, 0x00000000e4f00000|
|  80|0x00000000e5000000, 0x00000000e5000000, 0x00000000e5100000|  0%| F|  |TS 29|AC  0|TAMS 0x00000000e5000000, 0x00000000e5000000|
|  81|0x00000000e5100000, 0x00000000e5100000, 0x00000000e5200000|  0%| F|  |TS  0|AC  0|TAMS 0x00000000e5100000, 0x00000000e5100000|
|  82|0x00000000e5200000, 0x00000000e5200000, 0x00000000e5300000|  0%| F|  |TS  0|AC  0|TAMS 0x00000000e5200000, 0x00000000e5200000|
|  83|0x00000000e5300000, 0x00000000e5300000, 0x00000000e5400000|  0%| F|  |TS 51|AC  0|TAMS 0x00000000e5300000, 0x00000000e5300000|
|  84|0x00000000e5400000, 0x00000000e5400000, 0x00000000e5500000|  0%| F|  |TS 53|AC  0|TAMS 0x00000000e5400000, 0x00000000e5400000|
|  85|0x00000000e5500000, 0x00000000e5500000, 0x00000000e5600000|  0%| F|  |TS  0|AC  0|TAMS 0x00000000e5500000, 0x00000000e5500000|
|  86|0x00000000e5600000, 0x00000000e5600000, 0x00000000e5700000|  0%| F|  |TS  0|AC  0|TAMS 0x00000000e5600000, 0x00000000e5600000|
|  87|0x00000000e5700000, 0x00000000e5700000, 0x00000000e5800000|  0%| F|  |TS  0|AC  0|TAMS 0x00000000e5700000, 0x00000000e5700000|
|  88|0x00000000e5800000, 0x00000000e5800000, 0x00000000e5900000|  0%| F|  |TS101|AC  0|TAMS 0x00000000e5800000, 0x00000000e5800000|
|  89|0x00000000e5900000, 0x00000000e59a5390, 0x00000000e5a00000| 64%| S|CS|TS103|AC  0|TAMS 0x00000000e5900000, 0x00000000e5900000|
|  90|0x00000000e5a00000, 0x00000000e5a00000, 0x00000000e5b00000|  0%| F|  |TS  0|AC  0|TAMS 0x00000000e5a00000, 0x00000000e5a00000|
|  91|0x00000000e5b00000, 0x00000000e5b00000, 0x00000000e5c00000|  0%| F|  |TS 17|AC  0|TAMS 0x00000000e5b00000, 0x00000000e5b00000|
|  92|0x00000000e5c00000, 0x00000000e5c00000, 0x00000000e5d00000|  0%| F|  |TS 17|AC  0|TAMS 0x00000000e5c00000, 0x00000000e5c00000|
|  93|0x00000000e5d00000, 0x00000000e5d00000, 0x00000000e5e00000|  0%| F|  |TS  0|AC  0|TAMS 0x00000000e5d00000, 0x00000000e5d00000|
|  94|0x00000000e5e00000, 0x00000000e5e00000, 0x00000000e5f00000|  0%| F|  |TS  0|AC  0|TAMS 0x00000000e5e00000, 0x00000000e5e00000|
|  95|0x00000000e5f00000, 0x00000000e5f00000, 0x00000000e6000000|  0%| F|  |TS  0|AC  0|TAMS 0x00000000e5f00000, 0x00000000e5f00000|
|  96|0x00000000e6000000, 0x00000000e6000000, 0x00000000e6100000|  0%| F|  |TS  0|AC  0|TAMS 0x00000000e6000000, 0x00000000e6000000|
|  97|0x00000000e6100000, 0x00000000e6100000, 0x00000000e6200000|  0%| F|  |TS  0|AC  0|TAMS 0x00000000e6100000, 0x00000000e6100000|
|  98|0x00000000e6200000, 0x00000000e6200000, 0x00000000e6300000|  0%| F|  |TS  0|AC  0|TAMS 0x00000000e6200000, 0x00000000e6200000|
|  99|0x00000000e6300000, 0x00000000e6300000, 0x00000000e6400000|  0%| F|  |TS  0|AC  0|TAMS 0x00000000e6300000, 0x00000000e6300000|
| 100|0x00000000e6400000, 0x00000000e6400000, 0x00000000e6500000|  0%| F|  |TS  0|AC  0|TAMS 0x00000000e6400000, 0x00000000e6400000|
| 101|0x00000000e6500000, 0x00000000e6600000, 0x00000000e6600000|100%| E|  |TS  0|AC  0|TAMS 0x00000000e6500000, 0x00000000e6500000|
| 102|0x00000000e6600000, 0x00000000e6700000, 0x00000000e6700000|100%| E|CS|TS  0|AC  0|TAMS 0x00000000e6600000, 0x00000000e6600000|
| 103|0x00000000e6700000, 0x00000000e6800000, 0x00000000e6800000|100%| E|CS|TS  0|AC  0|TAMS 0x00000000e6700000, 0x00000000e6700000|
| 104|0x00000000e6800000, 0x00000000e6900000, 0x00000000e6900000|100%| E|CS|TS  0|AC  0|TAMS 0x00000000e6800000, 0x00000000e6800000|
| 105|0x00000000e6900000, 0x00000000e6a00000, 0x00000000e6a00000|100%| E|CS|TS  0|AC  0|TAMS 0x00000000e6900000, 0x00000000e6900000|
| 106|0x00000000e6a00000, 0x00000000e6b00000, 0x00000000e6b00000|100%| E|CS|TS  0|AC  0|TAMS 0x00000000e6a00000, 0x00000000e6a00000|
| 107|0x00000000e6b00000, 0x00000000e6c00000, 0x00000000e6c00000|100%| E|CS|TS  0|AC  0|TAMS 0x00000000e6b00000, 0x00000000e6b00000|
| 108|0x00000000e6c00000, 0x00000000e6d00000, 0x00000000e6d00000|100%| E|CS|TS  0|AC  0|TAMS 0x00000000e6c00000, 0x00000000e6c00000|
| 109|0x00000000e6d00000, 0x00000000e6e00000, 0x00000000e6e00000|100%| E|CS|TS  0|AC  0|TAMS 0x00000000e6d00000, 0x00000000e6d00000|
| 110|0x00000000e6e00000, 0x00000000e6f00000, 0x00000000e6f00000|100%| E|CS|TS  0|AC  0|TAMS 0x00000000e6e00000, 0x00000000e6e00000|
| 111|0x00000000e6f00000, 0x00000000e7000000, 0x00000000e7000000|100%| E|CS|TS  0|AC  0|TAMS 0x00000000e6f00000, 0x00000000e6f00000|
| 112|0x00000000e7000000, 0x00000000e7100000, 0x00000000e7100000|100%| E|CS|TS  0|AC  0|TAMS 0x00000000e7000000, 0x00000000e7000000|
| 113|0x00000000e7100000, 0x00000000e7200000, 0x00000000e7200000|100%| E|CS|TS  0|AC  0|TAMS 0x00000000e7100000, 0x00000000e7100000|
| 114|0x00000000e7200000, 0x00000000e7300000, 0x00000000e7300000|100%| E|CS|TS  0|AC  0|TAMS 0x00000000e7200000, 0x00000000e7200000|
| 115|0x00000000e7300000, 0x00000000e7400000, 0x00000000e7400000|100%| E|CS|TS  0|AC  0|TAMS 0x00000000e7300000, 0x00000000e7300000|
| 116|0x00000000e7400000, 0x00000000e7500000, 0x00000000e7500000|100%| E|CS|TS  1|AC  0|TAMS 0x00000000e7400000, 0x00000000e7400000|
| 117|0x00000000e7500000, 0x00000000e7600000, 0x00000000e7600000|100%| E|CS|TS  0|AC  0|TAMS 0x00000000e7500000, 0x00000000e7500000|
| 118|0x00000000e7600000, 0x00000000e7700000, 0x00000000e7700000|100%| E|CS|TS  0|AC  0|TAMS 0x00000000e7600000, 0x00000000e7600000|
| 119|0x00000000e7700000, 0x00000000e7800000, 0x00000000e7800000|100%| E|CS|TS  0|AC  0|TAMS 0x00000000e7700000, 0x00000000e7700000|
| 120|0x00000000e7800000, 0x00000000e7900000, 0x00000000e7900000|100%| E|CS|TS  0|AC  0|TAMS 0x00000000e7800000, 0x00000000e7800000|
| 121|0x00000000e7900000, 0x00000000e7a00000, 0x00000000e7a00000|100%| E|CS|TS  0|AC  0|TAMS 0x00000000e7900000, 0x00000000e7900000|
| 122|0x00000000e7a00000, 0x00000000e7b00000, 0x00000000e7b00000|100%| E|CS|TS  0|AC  0|TAMS 0x00000000e7a00000, 0x00000000e7a00000|
| 123|0x00000000e7b00000, 0x00000000e7c00000, 0x00000000e7c00000|100%| E|CS|TS  0|AC  0|TAMS 0x00000000e7b00000, 0x00000000e7b00000|
| 124|0x00000000e7c00000, 0x00000000e7d00000, 0x00000000e7d00000|100%| E|CS|TS 15|AC  0|TAMS 0x00000000e7c00000, 0x00000000e7c00000|
| 125|0x00000000e7d00000, 0x00000000e7e00000, 0x00000000e7e00000|100%| E|CS|TS 15|AC  0|TAMS 0x00000000e7d00000, 0x00000000e7d00000|
| 126|0x00000000e7e00000, 0x00000000e7f00000, 0x00000000e7f00000|100%| E|CS|TS 15|AC  0|TAMS 0x00000000e7e00000, 0x00000000e7e00000|
| 127|0x00000000e7f00000, 0x00000000e8000000, 0x00000000e8000000|100%| E|CS|TS 15|AC  0|TAMS 0x00000000e7f00000, 0x00000000e7f00000|
| 128|0x00000000e8000000, 0x00000000e8100000, 0x00000000e8100000|100%| E|CS|TS 15|AC  0|TAMS 0x00000000e8000000, 0x00000000e8000000|
| 129|0x00000000e8100000, 0x00000000e8200000, 0x00000000e8200000|100%| E|CS|TS 15|AC  0|TAMS 0x00000000e8100000, 0x00000000e8100000|
| 130|0x00000000e8200000, 0x00000000e8300000, 0x00000000e8300000|100%| E|CS|TS 15|AC  0|TAMS 0x00000000e8200000, 0x00000000e8200000|
| 131|0x00000000e8300000, 0x00000000e8400000, 0x00000000e8400000|100%| E|CS|TS 15|AC  0|TAMS 0x00000000e8300000, 0x00000000e8300000|
| 132|0x00000000e8400000, 0x00000000e8500000, 0x00000000e8500000|100%| E|CS|TS 15|AC  0|TAMS 0x00000000e8400000, 0x00000000e8400000|
| 133|0x00000000e8500000, 0x00000000e8600000, 0x00000000e8600000|100%| E|CS|TS 15|AC  0|TAMS 0x00000000e8500000, 0x00000000e8500000|
| 134|0x00000000e8600000, 0x00000000e8700000, 0x00000000e8700000|100%| E|CS|TS 15|AC  0|TAMS 0x00000000e8600000, 0x00000000e8600000|
| 135|0x00000000e8700000, 0x00000000e8800000, 0x00000000e8800000|100%| E|CS|TS 15|AC  0|TAMS 0x00000000e8700000, 0x00000000e8700000|
| 136|0x00000000e8800000, 0x00000000e8900000, 0x00000000e8900000|100%| E|CS|TS 15|AC  0|TAMS 0x00000000e8800000, 0x00000000e8800000|
| 137|0x00000000e8900000, 0x00000000e8a00000, 0x00000000e8a00000|100%| E|CS|TS 15|AC  0|TAMS 0x00000000e8900000, 0x00000000e8900000|
| 138|0x00000000e8a00000, 0x00000000e8b00000, 0x00000000e8b00000|100%| E|CS|TS 15|AC  0|TAMS 0x00000000e8a00000, 0x00000000e8a00000|
| 139|0x00000000e8b00000, 0x00000000e8c00000, 0x00000000e8c00000|100%| E|CS|TS 15|AC  0|TAMS 0x00000000e8b00000, 0x00000000e8b00000|
| 140|0x00000000e8c00000, 0x00000000e8d00000, 0x00000000e8d00000|100%| E|CS|TS 15|AC  0|TAMS 0x00000000e8c00000, 0x00000000e8c00000|
| 141|0x00000000e8d00000, 0x00000000e8e00000, 0x00000000e8e00000|100%| E|CS|TS 15|AC  0|TAMS 0x00000000e8d00000, 0x00000000e8d00000|
| 142|0x00000000e8e00000, 0x00000000e8f00000, 0x00000000e8f00000|100%| E|CS|TS 15|AC  0|TAMS 0x00000000e8e00000, 0x00000000e8e00000|
| 143|0x00000000e8f00000, 0x00000000e9000000, 0x00000000e9000000|100%| E|CS|TS 15|AC  0|TAMS 0x00000000e8f00000, 0x00000000e8f00000|
| 144|0x00000000e9000000, 0x00000000e9100000, 0x00000000e9100000|100%| E|CS|TS 15|AC  0|TAMS 0x00000000e9000000, 0x00000000e9000000|
| 145|0x00000000e9100000, 0x00000000e9200000, 0x00000000e9200000|100%| E|CS|TS 15|AC  0|TAMS 0x00000000e9100000, 0x00000000e9100000|
| 146|0x00000000e9200000, 0x00000000e9300000, 0x00000000e9300000|100%| E|CS|TS 15|AC  0|TAMS 0x00000000e9200000, 0x00000000e9200000|
| 147|0x00000000e9300000, 0x00000000e9400000, 0x00000000e9400000|100%| E|CS|TS 15|AC  0|TAMS 0x00000000e9300000, 0x00000000e9300000|
| 148|0x00000000e9400000, 0x00000000e9500000, 0x00000000e9500000|100%| E|CS|TS 15|AC  0|TAMS 0x00000000e9400000, 0x00000000e9400000|
| 149|0x00000000e9500000, 0x00000000e9600000, 0x00000000e9600000|100%| E|CS|TS 15|AC  0|TAMS 0x00000000e9500000, 0x00000000e9500000|
| 150|0x00000000e9600000, 0x00000000e9700000, 0x00000000e9700000|100%| E|CS|TS 15|AC  0|TAMS 0x00000000e9600000, 0x00000000e9600000|
| 151|0x00000000e9700000, 0x00000000e9800000, 0x00000000e9800000|100%| E|CS|TS 15|AC  0|TAMS 0x00000000e9700000, 0x00000000e9700000|
| 152|0x00000000e9800000, 0x00000000e9900000, 0x00000000e9900000|100%| E|CS|TS 15|AC  0|TAMS 0x00000000e9800000, 0x00000000e9800000|
| 153|0x00000000e9900000, 0x00000000e9a00000, 0x00000000e9a00000|100%| E|CS|TS 15|AC  0|TAMS 0x00000000e9900000, 0x00000000e9900000|
| 154|0x00000000e9a00000, 0x00000000e9b00000, 0x00000000e9b00000|100%| E|CS|TS 15|AC  0|TAMS 0x00000000e9a00000, 0x00000000e9a00000|
| 155|0x00000000e9b00000, 0x00000000e9c00000, 0x00000000e9c00000|100%| E|CS|TS 15|AC  0|TAMS 0x00000000e9b00000, 0x00000000e9b00000|
| 156|0x00000000e9c00000, 0x00000000e9d00000, 0x00000000e9d00000|100%| E|CS|TS 15|AC  0|TAMS 0x00000000e9c00000, 0x00000000e9c00000|
| 157|0x00000000e9d00000, 0x00000000e9e00000, 0x00000000e9e00000|100%| E|CS|TS 15|AC  0|TAMS 0x00000000e9d00000, 0x00000000e9d00000|
| 158|0x00000000e9e00000, 0x00000000e9f00000, 0x00000000e9f00000|100%| E|CS|TS 15|AC  0|TAMS 0x00000000e9e00000, 0x00000000e9e00000|
| 159|0x00000000e9f00000, 0x00000000ea000000, 0x00000000ea000000|100%| E|CS|TS 15|AC  0|TAMS 0x00000000e9f00000, 0x00000000e9f00000|
| 160|0x00000000ea000000, 0x00000000ea100000, 0x00000000ea100000|100%| E|CS|TS 15|AC  0|TAMS 0x00000000ea000000, 0x00000000ea000000|
| 161|0x00000000ea100000, 0x00000000ea200000, 0x00000000ea200000|100%| E|CS|TS 15|AC  0|TAMS 0x00000000ea100000, 0x00000000ea100000|
| 162|0x00000000ea200000, 0x00000000ea300000, 0x00000000ea300000|100%| E|CS|TS 15|AC  0|TAMS 0x00000000ea200000, 0x00000000ea200000|
| 163|0x00000000ea300000, 0x00000000ea400000, 0x00000000ea400000|100%| E|CS|TS 15|AC  0|TAMS 0x00000000ea300000, 0x00000000ea300000|
| 164|0x00000000ea400000, 0x00000000ea500000, 0x00000000ea500000|100%| E|CS|TS 15|AC  0|TAMS 0x00000000ea400000, 0x00000000ea400000|
| 165|0x00000000ea500000, 0x00000000ea600000, 0x00000000ea600000|100%| E|CS|TS 15|AC  0|TAMS 0x00000000ea500000, 0x00000000ea500000|
| 166|0x00000000ea600000, 0x00000000ea700000, 0x00000000ea700000|100%| E|CS|TS 15|AC  0|TAMS 0x00000000ea600000, 0x00000000ea600000|
| 167|0x00000000ea700000, 0x00000000ea800000, 0x00000000ea800000|100%| E|CS|TS 15|AC  0|TAMS 0x00000000ea700000, 0x00000000ea700000|
| 168|0x00000000ea800000, 0x00000000ea900000, 0x00000000ea900000|100%| E|CS|TS 15|AC  0|TAMS 0x00000000ea800000, 0x00000000ea800000|
| 169|0x00000000ea900000, 0x00000000eaa00000, 0x00000000eaa00000|100%| E|CS|TS 15|AC  0|TAMS 0x00000000ea900000, 0x00000000ea900000|
| 170|0x00000000eaa00000, 0x00000000eab00000, 0x00000000eab00000|100%| E|CS|TS 15|AC  0|TAMS 0x00000000eaa00000, 0x00000000eaa00000|
| 171|0x00000000eab00000, 0x00000000eac00000, 0x00000000eac00000|100%| E|CS|TS 15|AC  0|TAMS 0x00000000eab00000, 0x00000000eab00000|
| 172|0x00000000eac00000, 0x00000000ead00000, 0x00000000ead00000|100%| E|CS|TS 15|AC  0|TAMS 0x00000000eac00000, 0x00000000eac00000|
| 173|0x00000000ead00000, 0x00000000eae00000, 0x00000000eae00000|100%| E|CS|TS 15|AC  0|TAMS 0x00000000ead00000, 0x00000000ead00000|
| 174|0x00000000eae00000, 0x00000000eaf00000, 0x00000000eaf00000|100%| E|CS|TS 15|AC  0|TAMS 0x00000000eae00000, 0x00000000eae00000|
| 175|0x00000000eaf00000, 0x00000000eb000000, 0x00000000eb000000|100%| E|CS|TS 15|AC  0|TAMS 0x00000000eaf00000, 0x00000000eaf00000|
| 176|0x00000000eb000000, 0x00000000eb100000, 0x00000000eb100000|100%| E|CS|TS 15|AC  0|TAMS 0x00000000eb000000, 0x00000000eb000000|
| 177|0x00000000eb100000, 0x00000000eb200000, 0x00000000eb200000|100%| E|CS|TS 15|AC  0|TAMS 0x00000000eb100000, 0x00000000eb100000|
| 178|0x00000000eb200000, 0x00000000eb300000, 0x00000000eb300000|100%| E|CS|TS 15|AC  0|TAMS 0x00000000eb200000, 0x00000000eb200000|
| 179|0x00000000eb300000, 0x00000000eb400000, 0x00000000eb400000|100%| E|CS|TS 15|AC  0|TAMS 0x00000000eb300000, 0x00000000eb300000|
| 180|0x00000000eb400000, 0x00000000eb500000, 0x00000000eb500000|100%| E|CS|TS 15|AC  0|TAMS 0x00000000eb400000, 0x00000000eb400000|
| 181|0x00000000eb500000, 0x00000000eb600000, 0x00000000eb600000|100%| E|CS|TS 15|AC  0|TAMS 0x00000000eb500000, 0x00000000eb500000|
| 182|0x00000000eb600000, 0x00000000eb700000, 0x00000000eb700000|100%| E|CS|TS 15|AC  0|TAMS 0x00000000eb600000, 0x00000000eb600000|
| 183|0x00000000eb700000, 0x00000000eb800000, 0x00000000eb800000|100%| E|CS|TS 15|AC  0|TAMS 0x00000000eb700000, 0x00000000eb700000|
| 184|0x00000000eb800000, 0x00000000eb900000, 0x00000000eb900000|100%| E|CS|TS 15|AC  0|TAMS 0x00000000eb800000, 0x00000000eb800000|
| 185|0x00000000eb900000, 0x00000000eba00000, 0x00000000eba00000|100%| E|CS|TS 15|AC  0|TAMS 0x00000000eb900000, 0x00000000eb900000|
| 186|0x00000000eba00000, 0x00000000ebb00000, 0x00000000ebb00000|100%| E|CS|TS 15|AC  0|TAMS 0x00000000eba00000, 0x00000000eba00000|
| 187|0x00000000ebb00000, 0x00000000ebc00000, 0x00000000ebc00000|100%| E|CS|TS 15|AC  0|TAMS 0x00000000ebb00000, 0x00000000ebb00000|
| 188|0x00000000ebc00000, 0x00000000ebd00000, 0x00000000ebd00000|100%| E|CS|TS 15|AC  0|TAMS 0x00000000ebc00000, 0x00000000ebc00000|
| 189|0x00000000ebd00000, 0x00000000ebe00000, 0x00000000ebe00000|100%| E|CS|TS 15|AC  0|TAMS 0x00000000ebd00000, 0x00000000ebd00000|
| 190|0x00000000ebe00000, 0x00000000ebf00000, 0x00000000ebf00000|100%| E|CS|TS 15|AC  0|TAMS 0x00000000ebe00000, 0x00000000ebe00000|
| 191|0x00000000ebf00000, 0x00000000ec000000, 0x00000000ec000000|100%| E|CS|TS 15|AC  0|TAMS 0x00000000ebf00000, 0x00000000ebf00000|
| 192|0x00000000ec000000, 0x00000000ec100000, 0x00000000ec100000|100%| E|CS|TS 15|AC  0|TAMS 0x00000000ec000000, 0x00000000ec000000|
| 193|0x00000000ec100000, 0x00000000ec200000, 0x00000000ec200000|100%| E|CS|TS 15|AC  0|TAMS 0x00000000ec100000, 0x00000000ec100000|
| 194|0x00000000ec200000, 0x00000000ec300000, 0x00000000ec300000|100%| E|CS|TS 15|AC  0|TAMS 0x00000000ec200000, 0x00000000ec200000|
| 195|0x00000000ec300000, 0x00000000ec400000, 0x00000000ec400000|100%| E|CS|TS 15|AC  0|TAMS 0x00000000ec300000, 0x00000000ec300000|
| 196|0x00000000ec400000, 0x00000000ec500000, 0x00000000ec500000|100%| E|CS|TS 31|AC  0|TAMS 0x00000000ec400000, 0x00000000ec400000|
| 197|0x00000000ec500000, 0x00000000ec600000, 0x00000000ec600000|100%| E|CS|TS 31|AC  0|TAMS 0x00000000ec500000, 0x00000000ec500000|
| 198|0x00000000ec600000, 0x00000000ec700000, 0x00000000ec700000|100%| E|CS|TS 31|AC  0|TAMS 0x00000000ec600000, 0x00000000ec600000|
| 199|0x00000000ec700000, 0x00000000ec800000, 0x00000000ec800000|100%| E|CS|TS 31|AC  0|TAMS 0x00000000ec700000, 0x00000000ec700000|
| 200|0x00000000ec800000, 0x00000000ec900000, 0x00000000ec900000|100%| E|CS|TS 31|AC  0|TAMS 0x00000000ec800000, 0x00000000ec800000|
| 201|0x00000000ec900000, 0x00000000eca00000, 0x00000000eca00000|100%| E|CS|TS 31|AC  0|TAMS 0x00000000ec900000, 0x00000000ec900000|
| 202|0x00000000eca00000, 0x00000000ecb00000, 0x00000000ecb00000|100%| E|CS|TS 31|AC  0|TAMS 0x00000000eca00000, 0x00000000eca00000|
| 203|0x00000000ecb00000, 0x00000000ecc00000, 0x00000000ecc00000|100%| E|CS|TS 31|AC  0|TAMS 0x00000000ecb00000, 0x00000000ecb00000|
| 204|0x00000000ecc00000, 0x00000000ecd00000, 0x00000000ecd00000|100%| E|CS|TS 31|AC  0|TAMS 0x00000000ecc00000, 0x00000000ecc00000|
| 205|0x00000000ecd00000, 0x00000000ece00000, 0x00000000ece00000|100%| E|CS|TS 31|AC  0|TAMS 0x00000000ecd00000, 0x00000000ecd00000|
| 206|0x00000000ece00000, 0x00000000ecf00000, 0x00000000ecf00000|100%| E|CS|TS 31|AC  0|TAMS 0x00000000ece00000, 0x00000000ece00000|
| 207|0x00000000ecf00000, 0x00000000ed000000, 0x00000000ed000000|100%| E|CS|TS 31|AC  0|TAMS 0x00000000ecf00000, 0x00000000ecf00000|
| 208|0x00000000ed000000, 0x00000000ed100000, 0x00000000ed100000|100%| E|CS|TS 31|AC  0|TAMS 0x00000000ed000000, 0x00000000ed000000|
| 209|0x00000000ed100000, 0x00000000ed200000, 0x00000000ed200000|100%| E|CS|TS 53|AC  0|TAMS 0x00000000ed100000, 0x00000000ed100000|
| 210|0x00000000ed200000, 0x00000000ed300000, 0x00000000ed300000|100%| E|CS|TS 53|AC  0|TAMS 0x00000000ed200000, 0x00000000ed200000|
| 211|0x00000000ed300000, 0x00000000ed400000, 0x00000000ed400000|100%| E|CS|TS 53|AC  0|TAMS 0x00000000ed300000, 0x00000000ed300000|
| 212|0x00000000ed400000, 0x00000000ed500000, 0x00000000ed500000|100%| E|CS|TS 53|AC  0|TAMS 0x00000000ed400000, 0x00000000ed400000|
| 213|0x00000000ed500000, 0x00000000ed600000, 0x00000000ed600000|100%| E|CS|TS 53|AC  0|TAMS 0x00000000ed500000, 0x00000000ed500000|
| 214|0x00000000ed600000, 0x00000000ed700000, 0x00000000ed700000|100%| E|CS|TS 53|AC  0|TAMS 0x00000000ed600000, 0x00000000ed600000|
| 215|0x00000000ed700000, 0x00000000ed800000, 0x00000000ed800000|100%| E|CS|TS 53|AC  0|TAMS 0x00000000ed700000, 0x00000000ed700000|
| 216|0x00000000ed800000, 0x00000000ed900000, 0x00000000ed900000|100%| E|CS|TS 53|AC  0|TAMS 0x00000000ed800000, 0x00000000ed800000|
| 217|0x00000000ed900000, 0x00000000eda00000, 0x00000000eda00000|100%| E|CS|TS 53|AC  0|TAMS 0x00000000ed900000, 0x00000000ed900000|
| 218|0x00000000eda00000, 0x00000000edb00000, 0x00000000edb00000|100%| E|CS|TS 53|AC  0|TAMS 0x00000000eda00000, 0x00000000eda00000|
| 219|0x00000000edb00000, 0x00000000edc00000, 0x00000000edc00000|100%| E|CS|TS 53|AC  0|TAMS 0x00000000edb00000, 0x00000000edb00000|
| 220|0x00000000edc00000, 0x00000000edd00000, 0x00000000edd00000|100%| E|CS|TS 53|AC  0|TAMS 0x00000000edc00000, 0x00000000edc00000|
| 221|0x00000000edd00000, 0x00000000ede00000, 0x00000000ede00000|100%| E|CS|TS 53|AC  0|TAMS 0x00000000edd00000, 0x00000000edd00000|

Card table byte_map: [0x00007f8d81668000,0x00007f8d81768000] byte_map_base: 0x00007f8d80f68000

Marking Bits (Prev, Next): (CMBitMap*) 0x00007f8d7c042d10, (CMBitMap*) 0x00007f8d7c042d68
 Prev Bits: [0x00007f8d80d68000, 0x00007f8d81568000)
 Next Bits: [0x00007f8d80568000, 0x00007f8d80d68000)

Polling page: 0x00007f8d8633c000

CodeHeap 'non-nmethods': size=5696Kb used=1246Kb max_used=1262Kb free=4449Kb
 bounds [0x00007f8d65c51000, 0x00007f8d65ec1000, 0x00007f8d661e1000]
CodeHeap 'profiled nmethods': size=120032Kb used=2230Kb max_used=2230Kb free=117801Kb
 bounds [0x00007f8d661e1000, 0x00007f8d66451000, 0x00007f8d6d719000]
CodeHeap 'non-profiled nmethods': size=120032Kb used=739Kb max_used=739Kb free=119292Kb
 bounds [0x00007f8d6d719000, 0x00007f8d6d989000, 0x00007f8d74c51000]
 total_blobs=2011 nmethods=1053 adapters=415
 compilation: enabled

Compilation events (10 events):
Event: 6,410 Thread 0x00007f8d7c138000 1046       3       jdk.internal.org.objectweb.asm.MethodWriter::visitEnd (1 bytes)
Event: 6,410 Thread 0x00007f8d7c138000 nmethod 1046 0x00007f8d6640a390 code [0x00007f8d6640a500, 0x00007f8d6640a650]
Event: 6,410 Thread 0x00007f8d7c138000 1047       3       jdk.internal.org.objectweb.asm.MethodWriter::getSize (838 bytes)
Event: 6,415 Thread 0x00007f8d7c138000 nmethod 1047 0x00007f8d6640a710 code [0x00007f8d6640aba0, 0x00007f8d6640cf28]
Event: 6,422 Thread 0x00007f8d7c138000 1056       3       java.nio.Buffer::nextGetIndex (31 bytes)
Event: 6,422 Thread 0x00007f8d7c138000 nmethod 1056 0x00007f8d6640dd10 code [0x00007f8d6640dea0, 0x00007f8d6640e0a8]
Event: 6,422 Thread 0x00007f8d7c138000 1055       3       java.nio.HeapByteBuffer::_get (7 bytes)
Event: 6,422 Thread 0x00007f8d7c138000 nmethod 1055 0x00007f8d6640e190 code [0x00007f8d6640e300, 0x00007f8d6640e470]
Event: 6,423 Thread 0x00007f8d7c138000 1058       3       java.lang.Class::getComponentType (14 bytes)
Event: 6,423 Thread 0x00007f8d7c138000 nmethod 1058 0x00007f8d6640e590 code [0x00007f8d6640e720, 0x00007f8d6640e988]

GC Heap History (10 events):
Event: 5,482 GC heap before
{Heap before GC invocations=47 (full 0):
 garbage-first heap   total 227328K, used 138380K [0x00000000e0000000, 0x00000000e01006f0, 0x0000000100000000)
  region size 1024K, 133 young (136192K), 1 survivors (1024K)
 Metaspace       used 5849K, capacity 6042K, committed 6272K, reserved 1056768K
  class space    used 575K, capacity 632K, committed 640K, reserved 1048576K
}
Event: 5,486 GC heap after
{Heap after GC invocations=48 (full 0):
 garbage-first heap   total 227328K, used 3224K [0x00000000e0000000, 0x00000000e01006f0, 0x0000000100000000)
  region size 1024K, 1 young (1024K), 1 survivors (1024K)
 Metaspace       used 5849K, capacity 6042K, committed 6272K, reserved 1056768K
  class space    used 575K, capacity 632K, committed 640K, reserved 1048576K
}
Event: 5,611 GC heap before
{Heap before GC invocations=48 (full 0):
 garbage-first heap   total 227328K, used 138392K [0x00000000e0000000, 0x00000000e01006f0, 0x0000000100000000)
  region size 1024K, 133 young (136192K), 1 survivors (1024K)
 Metaspace       used 5849K, capacity 6042K, committed 6272K, reserved 1056768K
  class space    used 575K, capacity 632K, committed 640K, reserved 1048576K
}
Event: 5,618 GC heap after
{Heap after GC invocations=49 (full 0):
 garbage-first heap   total 227328K, used 3264K [0x00000000e0000000, 0x00000000e01006f0, 0x0000000100000000)
  region size 1024K, 1 young (1024K), 1 survivors (1024K)
 Metaspace       used 5849K, capacity 6042K, committed 6272K, reserved 1056768K
  class space    used 575K, capacity 632K, committed 640K, reserved 1048576K
}
Event: 5,716 GC heap before
{Heap before GC invocations=49 (full 0):
 garbage-first heap   total 227328K, used 138432K [0x00000000e0000000, 0x00000000e01006f0, 0x0000000100000000)
  region size 1024K, 133 young (136192K), 1 survivors (1024K)
 Metaspace       used 5849K, capacity 6042K, committed 6272K, reserved 1056768K
  class space    used 575K, capacity 632K, committed 640K, reserved 1048576K
}
Event: 5,721 GC heap after
{Heap after GC invocations=50 (full 0):
 garbage-first heap   total 227328K, used 3305K [0x00000000e0000000, 0x00000000e01006f0, 0x0000000100000000)
  region size 1024K, 1 young (1024K), 1 survivors (1024K)
 Metaspace       used 5849K, capacity 6042K, committed 6272K, reserved 1056768K
  class space    used 575K, capacity 632K, committed 640K, reserved 1048576K
}
Event: 5,802 GC heap before
{Heap before GC invocations=50 (full 0):
 garbage-first heap   total 227328K, used 138473K [0x00000000e0000000, 0x00000000e01006f0, 0x0000000100000000)
  region size 1024K, 133 young (136192K), 1 survivors (1024K)
 Metaspace       used 5849K, capacity 6042K, committed 6272K, reserved 1056768K
  class space    used 575K, capacity 632K, committed 640K, reserved 1048576K
}
Event: 5,810 GC heap after
{Heap after GC invocations=51 (full 0):
 garbage-first heap   total 227328K, used 3410K [0x00000000e0000000, 0x00000000e01006f0, 0x0000000100000000)
  region size 1024K, 1 young (1024K), 1 survivors (1024K)
 Metaspace       used 5849K, capacity 6042K, committed 6272K, reserved 1056768K
  class space    used 575K, capacity 632K, committed 640K, reserved 1048576K
}
Event: 5,891 GC heap before
{Heap before GC invocations=51 (full 0):
 garbage-first heap   total 227328K, used 138578K [0x00000000e0000000, 0x00000000e01006f0, 0x0000000100000000)
  region size 1024K, 133 young (136192K), 1 survivors (1024K)
 Metaspace       used 5849K, capacity 6042K, committed 6272K, reserved 1056768K
  class space    used 575K, capacity 632K, committed 640K, reserved 1048576K
}
Event: 5,897 GC heap after
{Heap after GC invocations=52 (full 0):
 garbage-first heap   total 227328K, used 3395K [0x00000000e0000000, 0x00000000e01006f0, 0x0000000100000000)
  region size 1024K, 1 young (1024K), 1 survivors (1024K)
 Metaspace       used 5849K, capacity 6042K, committed 6272K, reserved 1056768K
  class space    used 575K, capacity 632K, committed 640K, reserved 1048576K
}

Deoptimization events (10 events):
Event: 6,290 Thread 0x00007f8d7c31f800 Uncommon trap: reason=unstable_if action=reinterpret pc=0x00007f8d6d749c0c method=java.lang.String.startsWith(Ljava/lang/String;I)Z @ 1
Event: 6,327 Thread 0x00007f8d7c31f800 Uncommon trap: reason=unstable_if action=reinterpret pc=0x00007f8d6d7b9d80 method=java.util.HashMap.hash(Ljava/lang/Object;)I @ 1
Event: 6,327 Thread 0x00007f8d7c31f800 Uncommon trap: reason=unstable_if action=reinterpret pc=0x00007f8d6d725950 method=java.util.HashMap.hash(Ljava/lang/Object;)I @ 1
Event: 6,327 Thread 0x00007f8d7c31f800 Uncommon trap: reason=unstable_if action=reinterpret pc=0x00007f8d6d71e288 method=java.util.HashMap.hash(Ljava/lang/Object;)I @ 1
Event: 6,388 Thread 0x00007f8d7c31f800 Uncommon trap: reason=unstable_if action=reinterpret pc=0x00007f8d6d769d70 method=java.lang.StringUTF16.compress([CII)[B @ 13
Event: 6,388 Thread 0x00007f8d7c31f800 Uncommon trap: reason=unstable_if action=reinterpret pc=0x00007f8d6d763f54 method=java.lang.StringUTF16.compress([CI[BII)I @ 20
Event: 6,401 Thread 0x00007f8d7c31f800 Uncommon trap: reason=class_check action=maybe_recompile pc=0x00007f8d6d7229b4 method=java.util.HashMap.putVal(ILjava/lang/Object;Ljava/lang/Object;ZZ)Ljava/lang/Object; @ 203
Event: 6,401 Thread 0x00007f8d7c31f800 Uncommon trap: reason=class_check action=maybe_recompile pc=0x00007f8d6d722968 method=java.util.HashMap.putVal(ILjava/lang/Object;Ljava/lang/Object;ZZ)Ljava/lang/Object; @ 91
Event: 6,401 Thread 0x00007f8d7c31f800 Uncommon trap: reason=class_check action=maybe_recompile pc=0x00007f8d6d722968 method=java.util.HashMap.putVal(ILjava/lang/Object;Ljava/lang/Object;ZZ)Ljava/lang/Object; @ 91
Event: 6,401 Thread 0x00007f8d7c31f800 Uncommon trap: reason=class_check action=maybe_recompile pc=0x00007f8d6d722968 method=java.util.HashMap.putVal(ILjava/lang/Object;Ljava/lang/Object;ZZ)Ljava/lang/Object; @ 91

Classes redefined (0 events):
No events

Internal exceptions (10 events):
Event: 6,042 Thread 0x00007f8d7c011000 Exception <a 'java/io/FileNotFoundException'> (0x00000000e6858770) thrown at [/build/openjdk-9-argm_o/openjdk-9-9~b114/src/hotspot/src/share/vm/prims/jni.cpp, line 605]
Event: 6,042 Thread 0x00007f8d7c011000 Exception <a 'java/io/FileNotFoundException'> (0x00000000e685b4b8) thrown at [/build/openjdk-9-argm_o/openjdk-9-9~b114/src/hotspot/src/share/vm/prims/jni.cpp, line 605]
Event: 6,067 Thread 0x00007f8d7c011000 Implicit null exception at 0x00007f8d6d732eb5 to 0x00007f8d6d733011
Event: 6,075 Thread 0x00007f8d7c011000 Exception <a 'java/security/PrivilegedActionException'> (0x00000000e686d3d0) thrown at [/build/openjdk-9-argm_o/openjdk-9-9~b114/src/hotspot/src/share/vm/prims/jvm.cpp, line 1375]
Event: 6,075 Thread 0x00007f8d7c011000 Exception <a 'java/security/PrivilegedActionException'> (0x00000000e686d7c8) thrown at [/build/openjdk-9-argm_o/openjdk-9-9~b114/src/hotspot/src/share/vm/prims/jvm.cpp, line 1375]
Event: 6,288 Thread 0x00007f8d7c31f800 Exception <a 'java/lang/ClassNotFoundException': com/sun/swing/internal/plaf/metal/resources/metalProvider> (0x00000000e6625c80) thrown at [/build/openjdk-9-argm_o/openjdk-9-9~b114/src/hotspot/src/share/vm/classfile/systemDictionary.cpp, line 224]
Event: 6,289 Thread 0x00007f8d7c31f800 Exception <a 'java/lang/ClassNotFoundException': com/sun/swing/internal/plaf/basic/resources/basicProvider> (0x00000000e6629528) thrown at [/build/openjdk-9-argm_o/openjdk-9-9~b114/src/hotspot/src/share/vm/classfile/systemDictionary.cpp, line 224]
Event: 6,327 Thread 0x00007f8d7c31f800 Implicit null exception at 0x00007f8d6d7b9895 to 0x00007f8d6d7b9d71
Event: 6,327 Thread 0x00007f8d7c31f800 Implicit null exception at 0x00007f8d6d7258b8 to 0x00007f8d6d725946
Event: 6,327 Thread 0x00007f8d7c31f800 Implicit null exception at 0x00007f8d6d71e20f to 0x00007f8d6d71e279

Events (10 events):
Event: 6,421 loading class sun/nio/cs/UTF_16$Decoder
Event: 6,421 loading class sun/nio/cs/UnicodeDecoder
Event: 6,421 loading class sun/nio/cs/UnicodeDecoder done
Event: 6,421 loading class sun/nio/cs/UTF_16$Decoder done
Event: 6,422 loading class sun/font/FileFontStrike
Event: 6,423 loading class sun/font/FileFontStrike done
Event: 6,423 loading class sun/font/FontScaler
Event: 6,423 loading class sun/font/FontScaler done
Event: 6,423 loading class sun/font/FreetypeFontScaler
Event: 6,423 loading class sun/font/FreetypeFontScaler done


Dynamic libraries:
00400000-00401000 r-xp 00000000 08:02 5909289                            /usr/lib/jvm/java-9-openjdk-amd64/bin/java
00600000-00601000 r--p 00000000 08:02 5909289                            /usr/lib/jvm/java-9-openjdk-amd64/bin/java
00601000-00602000 rw-p 00001000 08:02 5909289                            /usr/lib/jvm/java-9-openjdk-amd64/bin/java
0125b000-0127c000 rw-p 00000000 00:00 0                                  [heap]
e0000000-ede00000 rw-p 00000000 00:00 0 
ede00000-100000000 ---p 00000000 00:00 0 
100000000-100180000 rw-p 00000000 00:00 0 
100180000-140000000 ---p 00000000 00:00 0 
7f8cf0000000-7f8cf0021000 rw-p 00000000 00:00 0 
7f8cf0021000-7f8cf4000000 ---p 00000000 00:00 0 
7f8cf4000000-7f8cf40ba000 rw-p 00000000 00:00 0 
7f8cf40ba000-7f8cf8000000 ---p 00000000 00:00 0 
7f8cf8000000-7f8cf8021000 rw-p 00000000 00:00 0 
7f8cf8021000-7f8cfc000000 ---p 00000000 00:00 0 
7f8cfc000000-7f8cfc021000 rw-p 00000000 00:00 0 
7f8cfc021000-7f8d00000000 ---p 00000000 00:00 0 
7f8d00000000-7f8d00021000 rw-p 00000000 00:00 0 
7f8d00021000-7f8d04000000 ---p 00000000 00:00 0 
7f8d04000000-7f8d04021000 rw-p 00000000 00:00 0 
7f8d04021000-7f8d08000000 ---p 00000000 00:00 0 
7f8d08000000-7f8d08021000 rw-p 00000000 00:00 0 
7f8d08021000-7f8d0c000000 ---p 00000000 00:00 0 
7f8d0c2c7000-7f8d0c347000 rw-p 00000000 00:00 0 
7f8d0c347000-7f8d0c4c7000 ---p 00000000 00:00 0 
7f8d0c4c7000-7f8d0c6c7000 rw-p 00000000 00:00 0 
7f8d0c6c7000-7f8d0c6cb000 ---p 00000000 00:00 0 
7f8d0c6cb000-7f8d0c7c8000 rw-p 00000000 00:00 0 
7f8d0c7c8000-7f8d0c7cc000 ---p 00000000 00:00 0 
7f8d0c7cc000-7f8d0c8c9000 rw-p 00000000 00:00 0 
7f8d0c8c9000-7f8d0c8cd000 ---p 00000000 00:00 0 
7f8d0c8cd000-7f8d0c9ca000 rw-p 00000000 00:00 0 
7f8d0c9ca000-7f8d0c9cf000 r-xp 00000000 08:02 5644569                    /usr/lib/x86_64-linux-gnu/libXfixes.so.3.1.0
7f8d0c9cf000-7f8d0cbce000 ---p 00005000 08:02 5644569                    /usr/lib/x86_64-linux-gnu/libXfixes.so.3.1.0
7f8d0cbce000-7f8d0cbcf000 r--p 00004000 08:02 5644569                    /usr/lib/x86_64-linux-gnu/libXfixes.so.3.1.0
7f8d0cbcf000-7f8d0cbd0000 rw-p 00005000 08:02 5644569                    /usr/lib/x86_64-linux-gnu/libXfixes.so.3.1.0
7f8d0cbd0000-7f8d0cbd9000 r-xp 00000000 08:02 5642604                    /usr/lib/x86_64-linux-gnu/libXcursor.so.1.0.2
7f8d0cbd9000-7f8d0cdd8000 ---p 00009000 08:02 5642604                    /usr/lib/x86_64-linux-gnu/libXcursor.so.1.0.2
7f8d0cdd8000-7f8d0cdd9000 r--p 00008000 08:02 5642604                    /usr/lib/x86_64-linux-gnu/libXcursor.so.1.0.2
7f8d0cdd9000-7f8d0cdda000 rw-p 00009000 08:02 5642604                    /usr/lib/x86_64-linux-gnu/libXcursor.so.1.0.2
7f8d0cdda000-7f8d0cdfe000 r-xp 00000000 08:02 3036280                    /lib/x86_64-linux-gnu/libpng12.so.0.54.0
7f8d0cdfe000-7f8d0cffd000 ---p 00024000 08:02 3036280                    /lib/x86_64-linux-gnu/libpng12.so.0.54.0
7f8d0cffd000-7f8d0cffe000 r--p 00023000 08:02 3036280                    /lib/x86_64-linux-gnu/libpng12.so.0.54.0
7f8d0cffe000-7f8d0cfff000 rw-p 00024000 08:02 3036280                    /lib/x86_64-linux-gnu/libpng12.so.0.54.0
7f8d0cfff000-7f8d10000000 rw-p 00000000 00:00 0 
7f8d10000000-7f8d10412000 rw-p 00000000 00:00 0 
7f8d10412000-7f8d14000000 ---p 00000000 00:00 0 
7f8d14000000-7f8d14031000 rw-p 00000000 00:00 0 
7f8d14031000-7f8d18000000 ---p 00000000 00:00 0 
7f8d18000000-7f8d18552000 rw-p 00000000 00:00 0 
7f8d18552000-7f8d1c000000 ---p 00000000 00:00 0 
7f8d1c000000-7f8d1c990000 rw-p 00000000 00:00 0 
7f8d1c990000-7f8d20000000 ---p 00000000 00:00 0 
7f8d20000000-7f8d20021000 rw-p 00000000 00:00 0 
7f8d20021000-7f8d24000000 ---p 00000000 00:00 0 
7f8d24000000-7f8d24021000 rw-p 00000000 00:00 0 
7f8d24021000-7f8d28000000 ---p 00000000 00:00 0 
7f8d28000000-7f8d28021000 rw-p 00000000 00:00 0 
7f8d28021000-7f8d2c000000 ---p 00000000 00:00 0 
7f8d2c000000-7f8d2c021000 rw-p 00000000 00:00 0 
7f8d2c021000-7f8d30000000 ---p 00000000 00:00 0 
7f8d30000000-7f8d30084000 rw-p 00000000 00:00 0 
7f8d30084000-7f8d34000000 ---p 00000000 00:00 0 
7f8d340c5000-7f8d340c9000 ---p 00000000 00:00 0 
7f8d340c9000-7f8d341c6000 rw-p 00000000 00:00 0 
7f8d341c6000-7f8d3426a000 r-xp 00000000 08:02 5644992                    /usr/lib/x86_64-linux-gnu/libfreetype.so.6.12.1
7f8d3426a000-7f8d34469000 ---p 000a4000 08:02 5644992                    /usr/lib/x86_64-linux-gnu/libfreetype.so.6.12.1
7f8d34469000-7f8d3446f000 r--p 000a3000 08:02 5644992                    /usr/lib/x86_64-linux-gnu/libfreetype.so.6.12.1
7f8d3446f000-7f8d34470000 rw-p 000a9000 08:02 5644992                    /usr/lib/x86_64-linux-gnu/libfreetype.so.6.12.1
7f8d34470000-7f8d34536000 r-xp 00000000 08:02 6173391                    /usr/lib/jvm/java-9-openjdk-amd64/lib/amd64/libfontmanager.so
7f8d34536000-7f8d34735000 ---p 000c6000 08:02 6173391                    /usr/lib/jvm/java-9-openjdk-amd64/lib/amd64/libfontmanager.so
7f8d34735000-7f8d34738000 r--p 000c5000 08:02 6173391                    /usr/lib/jvm/java-9-openjdk-amd64/lib/amd64/libfontmanager.so
7f8d34738000-7f8d34739000 rw-p 000c8000 08:02 6173391                    /usr/lib/jvm/java-9-openjdk-amd64/lib/amd64/libfontmanager.so
7f8d34739000-7f8d3473a000 rw-p 00000000 00:00 0 
7f8d3473a000-7f8d3473f000 r-xp 00000000 08:02 5644565                    /usr/lib/x86_64-linux-gnu/libXdmcp.so.6.0.0
7f8d3473f000-7f8d3493e000 ---p 00005000 08:02 5644565                    /usr/lib/x86_64-linux-gnu/libXdmcp.so.6.0.0
7f8d3493e000-7f8d3493f000 r--p 00004000 08:02 5644565                    /usr/lib/x86_64-linux-gnu/libXdmcp.so.6.0.0
7f8d3493f000-7f8d34940000 rw-p 00005000 08:02 5644565                    /usr/lib/x86_64-linux-gnu/libXdmcp.so.6.0.0
7f8d34940000-7f8d34942000 r-xp 00000000 08:02 5644554                    /usr/lib/x86_64-linux-gnu/libXau.so.6.0.0
7f8d34942000-7f8d34b42000 ---p 00002000 08:02 5644554                    /usr/lib/x86_64-linux-gnu/libXau.so.6.0.0
7f8d34b42000-7f8d34b43000 r--p 00002000 08:02 5644554                    /usr/lib/x86_64-linux-gnu/libXau.so.6.0.0
7f8d34b43000-7f8d34b44000 rw-p 00003000 08:02 5644554                    /usr/lib/x86_64-linux-gnu/libXau.so.6.0.0
7f8d34b44000-7f8d34b65000 r-xp 00000000 08:02 5645972                    /usr/lib/x86_64-linux-gnu/libxcb.so.1.1.0
7f8d34b65000-7f8d34d64000 ---p 00021000 08:02 5645972                    /usr/lib/x86_64-linux-gnu/libxcb.so.1.1.0
7f8d34d64000-7f8d34d65000 r--p 00020000 08:02 5645972                    /usr/lib/x86_64-linux-gnu/libxcb.so.1.1.0
7f8d34d65000-7f8d34d66000 rw-p 00021000 08:02 5645972                    /usr/lib/x86_64-linux-gnu/libxcb.so.1.1.0
7f8d34d66000-7f8d34d75000 r-xp 00000000 08:02 5644577                    /usr/lib/x86_64-linux-gnu/libXi.so.6.1.0
7f8d34d75000-7f8d34f74000 ---p 0000f000 08:02 5644577                    /usr/lib/x86_64-linux-gnu/libXi.so.6.1.0
7f8d34f74000-7f8d34f75000 r--p 0000e000 08:02 5644577                    /usr/lib/x86_64-linux-gnu/libXi.so.6.1.0
7f8d34f75000-7f8d34f76000 rw-p 0000f000 08:02 5644577                    /usr/lib/x86_64-linux-gnu/libXi.so.6.1.0
7f8d34f76000-7f8d34f7b000 r-xp 00000000 08:02 5644595                    /usr/lib/x86_64-linux-gnu/libXtst.so.6.1.0
7f8d34f7b000-7f8d3517a000 ---p 00005000 08:02 5644595                    /usr/lib/x86_64-linux-gnu/libXtst.so.6.1.0
7f8d3517a000-7f8d3517b000 r--p 00004000 08:02 5644595                    /usr/lib/x86_64-linux-gnu/libXtst.so.6.1.0
7f8d3517b000-7f8d3517c000 rw-p 00005000 08:02 5644595                    /usr/lib/x86_64-linux-gnu/libXtst.so.6.1.0
7f8d3517c000-7f8d35185000 r-xp 00000000 08:02 5644589                    /usr/lib/x86_64-linux-gnu/libXrender.so.1.3.0
7f8d35185000-7f8d35384000 ---p 00009000 08:02 5644589                    /usr/lib/x86_64-linux-gnu/libXrender.so.1.3.0
7f8d35384000-7f8d35385000 r--p 00008000 08:02 5644589                    /usr/lib/x86_64-linux-gnu/libXrender.so.1.3.0
7f8d35385000-7f8d35386000 rw-p 00009000 08:02 5644589                    /usr/lib/x86_64-linux-gnu/libXrender.so.1.3.0
7f8d35386000-7f8d354bb000 r-xp 00000000 08:02 5639756                    /usr/lib/x86_64-linux-gnu/libX11.so.6.3.0
7f8d354bb000-7f8d356bb000 ---p 00135000 08:02 5639756                    /usr/lib/x86_64-linux-gnu/libX11.so.6.3.0
7f8d356bb000-7f8d356bc000 r--p 00135000 08:02 5639756                    /usr/lib/x86_64-linux-gnu/libX11.so.6.3.0
7f8d356bc000-7f8d356c0000 rw-p 00136000 08:02 5639756                    /usr/lib/x86_64-linux-gnu/libX11.so.6.3.0
7f8d356c0000-7f8d356d1000 r-xp 00000000 08:02 5644567                    /usr/lib/x86_64-linux-gnu/libXext.so.6.4.0
7f8d356d1000-7f8d358d0000 ---p 00011000 08:02 5644567                    /usr/lib/x86_64-linux-gnu/libXext.so.6.4.0
7f8d358d0000-7f8d358d1000 r--p 00010000 08:02 5644567                    /usr/lib/x86_64-linux-gnu/libXext.so.6.4.0
7f8d358d1000-7f8d358d2000 rw-p 00011000 08:02 5644567                    /usr/lib/x86_64-linux-gnu/libXext.so.6.4.0
7f8d358d2000-7f8d35929000 r-xp 00000000 08:02 6173418                    /usr/lib/jvm/java-9-openjdk-amd64/lib/amd64/libawt_xawt.so
7f8d35929000-7f8d35b29000 ---p 00057000 08:02 6173418                    /usr/lib/jvm/java-9-openjdk-amd64/lib/amd64/libawt_xawt.so
7f8d35b29000-7f8d35b2a000 r--p 00057000 08:02 6173418                    /usr/lib/jvm/java-9-openjdk-amd64/lib/amd64/libawt_xawt.so
7f8d35b2a000-7f8d35b2d000 rw-p 00058000 08:02 6173418                    /usr/lib/jvm/java-9-openjdk-amd64/lib/amd64/libawt_xawt.so
7f8d35b2d000-7f8d35b2e000 rw-p 00000000 00:00 0 
7f8d35b2e000-7f8d35bce000 r-xp 00000000 08:02 6173390                    /usr/lib/jvm/java-9-openjdk-amd64/lib/amd64/libawt.so
7f8d35bce000-7f8d35dcd000 ---p 000a0000 08:02 6173390                    /usr/lib/jvm/java-9-openjdk-amd64/lib/amd64/libawt.so
7f8d35dcd000-7f8d35dce000 r--p 0009f000 08:02 6173390                    /usr/lib/jvm/java-9-openjdk-amd64/lib/amd64/libawt.so
7f8d35dce000-7f8d35dd9000 rw-p 000a0000 08:02 6173390                    /usr/lib/jvm/java-9-openjdk-amd64/lib/amd64/libawt.so
7f8d35dd9000-7f8d35dfe000 rw-p 00000000 00:00 0 
7f8d35dfe000-7f8d35dff000 ---p 00000000 00:00 0 
7f8d35dff000-7f8d35eff000 rw-p 00000000 00:00 0 
7f8d35eff000-7f8d35f03000 ---p 00000000 00:00 0 
7f8d35f03000-7f8d38000000 rw-p 00000000 00:00 0 
7f8d38000000-7f8d38021000 rw-p 00000000 00:00 0 
7f8d38021000-7f8d3c000000 ---p 00000000 00:00 0 
7f8d3c000000-7f8d3c021000 rw-p 00000000 00:00 0 
7f8d3c021000-7f8d40000000 ---p 00000000 00:00 0 
7f8d40000000-7f8d40021000 rw-p 00000000 00:00 0 
7f8d40021000-7f8d44000000 ---p 00000000 00:00 0 
7f8d44000000-7f8d44021000 rw-p 00000000 00:00 0 
7f8d44021000-7f8d48000000 ---p 00000000 00:00 0 
7f8d48000000-7f8d48021000 rw-p 00000000 00:00 0 
7f8d48021000-7f8d4c000000 ---p 00000000 00:00 0 
7f8d4c000000-7f8d4c021000 rw-p 00000000 00:00 0 
7f8d4c021000-7f8d50000000 ---p 00000000 00:00 0 
7f8d50000000-7f8d50021000 rw-p 00000000 00:00 0 
7f8d50021000-7f8d54000000 ---p 00000000 00:00 0 
7f8d54000000-7f8d54021000 rw-p 00000000 00:00 0 
7f8d54021000-7f8d58000000 ---p 00000000 00:00 0 
7f8d58000000-7f8d58021000 rw-p 00000000 00:00 0 
7f8d58021000-7f8d5c000000 ---p 00000000 00:00 0 
7f8d5c000000-7f8d5c021000 rw-p 00000000 00:00 0 
7f8d5c021000-7f8d60000000 ---p 00000000 00:00 0 
7f8d60000000-7f8d60021000 rw-p 00000000 00:00 0 
7f8d60021000-7f8d64000000 ---p 00000000 00:00 0 
7f8d6409d000-7f8d640a1000 ---p 00000000 00:00 0 
7f8d640a1000-7f8d6419e000 rw-p 00000000 00:00 0 
7f8d6419e000-7f8d641b4000 r-xp 00000000 08:02 6173392                    /usr/lib/jvm/java-9-openjdk-amd64/lib/amd64/libnet.so
7f8d641b4000-7f8d643b3000 ---p 00016000 08:02 6173392                    /usr/lib/jvm/java-9-openjdk-amd64/lib/amd64/libnet.so
7f8d643b3000-7f8d643b4000 r--p 00015000 08:02 6173392                    /usr/lib/jvm/java-9-openjdk-amd64/lib/amd64/libnet.so
7f8d643b4000-7f8d643b5000 rw-p 00016000 08:02 6173392                    /usr/lib/jvm/java-9-openjdk-amd64/lib/amd64/libnet.so
7f8d643b5000-7f8d643c6000 r-xp 00000000 08:02 6173419                    /usr/lib/jvm/java-9-openjdk-amd64/lib/amd64/libnio.so
7f8d643c6000-7f8d645c6000 ---p 00011000 08:02 6173419                    /usr/lib/jvm/java-9-openjdk-amd64/lib/amd64/libnio.so
7f8d645c6000-7f8d645c7000 r--p 00011000 08:02 6173419                    /usr/lib/jvm/java-9-openjdk-amd64/lib/amd64/libnio.so
7f8d645c7000-7f8d645c8000 rw-p 00012000 08:02 6173419                    /usr/lib/jvm/java-9-openjdk-amd64/lib/amd64/libnio.so
7f8d645c8000-7f8d645cc000 ---p 00000000 00:00 0 
7f8d645cc000-7f8d646c9000 rw-p 00000000 00:00 0 
7f8d646c9000-7f8d646cd000 ---p 00000000 00:00 0 
7f8d646cd000-7f8d647ca000 rw-p 00000000 00:00 0 
7f8d647ca000-7f8d647ce000 ---p 00000000 00:00 0 
7f8d647ce000-7f8d648cb000 rw-p 00000000 00:00 0 
7f8d648cb000-7f8d648cf000 ---p 00000000 00:00 0 
7f8d648cf000-7f8d649cc000 rw-p 00000000 00:00 0 
7f8d649cc000-7f8d649d0000 ---p 00000000 00:00 0 
7f8d649d0000-7f8d64acd000 rw-p 00000000 00:00 0 
7f8d64acd000-7f8d64ad1000 ---p 00000000 00:00 0 
7f8d64ad1000-7f8d64bce000 rw-p 00000000 00:00 0 
7f8d64bce000-7f8d64fd7000 r--p 00000000 08:02 5637589                    /usr/lib/locale/locale-archive
7f8d64fd7000-7f8d64fdb000 ---p 00000000 00:00 0 
7f8d64fdb000-7f8d650d8000 rw-p 00000000 00:00 0 
7f8d650d8000-7f8d650dc000 ---p 00000000 00:00 0 
7f8d650dc000-7f8d651d9000 rw-p 00000000 00:00 0 
7f8d651d9000-7f8d651da000 ---p 00000000 00:00 0 
7f8d651da000-7f8d65b50000 rw-p 00000000 00:00 0 
7f8d65b50000-7f8d65c51000 rw-p 00000000 00:00 0 
7f8d65c51000-7f8d65ec1000 rwxp 00000000 00:00 0 
7f8d65ec1000-7f8d661e1000 ---p 00000000 00:00 0 
7f8d661e1000-7f8d66451000 rwxp 00000000 00:00 0 
7f8d66451000-7f8d6d719000 ---p 00000000 00:00 0 
7f8d6d719000-7f8d6d989000 rwxp 00000000 00:00 0 
7f8d6d989000-7f8d74c51000 ---p 00000000 00:00 0 
7f8d74c51000-7f8d7c000000 r--s 00000000 08:02 6035658                    /usr/lib/jvm/java-9-openjdk-amd64/lib/modules
7f8d7c000000-7f8d7c322000 rw-p 00000000 00:00 0 
7f8d7c322000-7f8d80000000 ---p 00000000 00:00 0 
7f8d80008000-7f8d80366000 rw-p 00000000 00:00 0 
7f8d80366000-7f8d80367000 ---p 00000000 00:00 0 
7f8d80367000-7f8d80467000 rw-p 00000000 00:00 0 
7f8d80467000-7f8d80468000 ---p 00000000 00:00 0 
7f8d80468000-7f8d808e0000 rw-p 00000000 00:00 0 
7f8d808e0000-7f8d80d68000 ---p 00000000 00:00 0 
7f8d80d68000-7f8d810e0000 rw-p 00000000 00:00 0 
7f8d810e0000-7f8d81568000 ---p 00000000 00:00 0 
7f8d81568000-7f8d815d7000 rw-p 00000000 00:00 0 
7f8d815d7000-7f8d81668000 ---p 00000000 00:00 0 
7f8d81668000-7f8d816d7000 rw-p 00000000 00:00 0 
7f8d816d7000-7f8d81868000 ---p 00000000 00:00 0 
7f8d81868000-7f8d818d7000 rw-p 00000000 00:00 0 
7f8d818d7000-7f8d81968000 ---p 00000000 00:00 0 
7f8d81968000-7f8d81969000 ---p 00000000 00:00 0 
7f8d81969000-7f8d81a69000 rw-p 00000000 00:00 0 
7f8d81a69000-7f8d81a6a000 ---p 00000000 00:00 0 
7f8d81a6a000-7f8d81b6a000 rw-p 00000000 00:00 0 
7f8d81b6a000-7f8d81b6b000 ---p 00000000 00:00 0 
7f8d81b6b000-7f8d81c6b000 rw-p 00000000 00:00 0 
7f8d81c6b000-7f8d81c6c000 ---p 00000000 00:00 0 
7f8d81c6c000-7f8d81d6c000 rw-p 00000000 00:00 0 
7f8d81d6c000-7f8d81d6d000 ---p 00000000 00:00 0 
7f8d81d6d000-7f8d82271000 rw-p 00000000 00:00 0 
7f8d82271000-7f8d82272000 ---p 00000000 00:00 0 
7f8d82272000-7f8d82372000 rw-p 00000000 00:00 0 
7f8d82372000-7f8d82373000 ---p 00000000 00:00 0 
7f8d82373000-7f8d82473000 rw-p 00000000 00:00 0 
7f8d82473000-7f8d82474000 ---p 00000000 00:00 0 
7f8d82474000-7f8d82574000 rw-p 00000000 00:00 0 
7f8d82574000-7f8d82575000 ---p 00000000 00:00 0 
7f8d82575000-7f8d8267a000 rw-p 00000000 00:00 0 
7f8d8267a000-7f8d82760000 ---p 00000000 00:00 0 
7f8d82760000-7f8d82765000 rw-p 00000000 00:00 0 
7f8d82765000-7f8d8284b000 ---p 00000000 00:00 0 
7f8d8284b000-7f8d82850000 r-xp 00000000 08:02 6173406                    /usr/lib/jvm/java-9-openjdk-amd64/lib/amd64/libjimage.so
7f8d82850000-7f8d82a4f000 ---p 00005000 08:02 6173406                    /usr/lib/jvm/java-9-openjdk-amd64/lib/amd64/libjimage.so
7f8d82a4f000-7f8d82a50000 r--p 00004000 08:02 6173406                    /usr/lib/jvm/java-9-openjdk-amd64/lib/amd64/libjimage.so
7f8d82a50000-7f8d82a51000 rw-p 00005000 08:02 6173406                    /usr/lib/jvm/java-9-openjdk-amd64/lib/amd64/libjimage.so
7f8d82a51000-7f8d82a58000 r-xp 00000000 08:02 6173402                    /usr/lib/jvm/java-9-openjdk-amd64/lib/amd64/libzip.so
7f8d82a58000-7f8d82c57000 ---p 00007000 08:02 6173402                    /usr/lib/jvm/java-9-openjdk-amd64/lib/amd64/libzip.so
7f8d82c57000-7f8d82c58000 r--p 00006000 08:02 6173402                    /usr/lib/jvm/java-9-openjdk-amd64/lib/amd64/libzip.so
7f8d82c58000-7f8d82c59000 rw-p 00007000 08:02 6173402                    /usr/lib/jvm/java-9-openjdk-amd64/lib/amd64/libzip.so
7f8d82c59000-7f8d82c64000 r-xp 00000000 08:02 3027636                    /lib/x86_64-linux-gnu/libnss_files-2.23.so
7f8d82c64000-7f8d82e63000 ---p 0000b000 08:02 3027636                    /lib/x86_64-linux-gnu/libnss_files-2.23.so
7f8d82e63000-7f8d82e64000 r--p 0000a000 08:02 3027636                    /lib/x86_64-linux-gnu/libnss_files-2.23.so
7f8d82e64000-7f8d82e65000 rw-p 0000b000 08:02 3027636                    /lib/x86_64-linux-gnu/libnss_files-2.23.so
7f8d82e65000-7f8d82e6b000 rw-p 00000000 00:00 0 
7f8d82e6b000-7f8d82e76000 r-xp 00000000 08:02 3027640                    /lib/x86_64-linux-gnu/libnss_nis-2.23.so
7f8d82e76000-7f8d83075000 ---p 0000b000 08:02 3027640                    /lib/x86_64-linux-gnu/libnss_nis-2.23.so
7f8d83075000-7f8d83076000 r--p 0000a000 08:02 3027640                    /lib/x86_64-linux-gnu/libnss_nis-2.23.so
7f8d83076000-7f8d83077000 rw-p 0000b000 08:02 3027640                    /lib/x86_64-linux-gnu/libnss_nis-2.23.so
7f8d83077000-7f8d8308d000 r-xp 00000000 08:02 3027620                    /lib/x86_64-linux-gnu/libnsl-2.23.so
7f8d8308d000-7f8d8328c000 ---p 00016000 08:02 3027620                    /lib/x86_64-linux-gnu/libnsl-2.23.so
7f8d8328c000-7f8d8328d000 r--p 00015000 08:02 3027620                    /lib/x86_64-linux-gnu/libnsl-2.23.so
7f8d8328d000-7f8d8328e000 rw-p 00016000 08:02 3027620                    /lib/x86_64-linux-gnu/libnsl-2.23.so
7f8d8328e000-7f8d83290000 rw-p 00000000 00:00 0 
7f8d83290000-7f8d83298000 r-xp 00000000 08:02 3027631                    /lib/x86_64-linux-gnu/libnss_compat-2.23.so
7f8d83298000-7f8d83497000 ---p 00008000 08:02 3027631                    /lib/x86_64-linux-gnu/libnss_compat-2.23.so
7f8d83497000-7f8d83498000 r--p 00007000 08:02 3027631                    /lib/x86_64-linux-gnu/libnss_compat-2.23.so
7f8d83498000-7f8d83499000 rw-p 00008000 08:02 3027631                    /lib/x86_64-linux-gnu/libnss_compat-2.23.so
7f8d83499000-7f8d834c4000 r-xp 00000000 08:02 6173385                    /usr/lib/jvm/java-9-openjdk-amd64/lib/amd64/libjava.so
7f8d834c4000-7f8d836c3000 ---p 0002b000 08:02 6173385                    /usr/lib/jvm/java-9-openjdk-amd64/lib/amd64/libjava.so
7f8d836c3000-7f8d836c4000 r--p 0002a000 08:02 6173385                    /usr/lib/jvm/java-9-openjdk-amd64/lib/amd64/libjava.so
7f8d836c4000-7f8d836c6000 rw-p 0002b000 08:02 6173385                    /usr/lib/jvm/java-9-openjdk-amd64/lib/amd64/libjava.so
7f8d836c6000-7f8d836d3000 r-xp 00000000 08:02 6173386                    /usr/lib/jvm/java-9-openjdk-amd64/lib/amd64/libverify.so
7f8d836d3000-7f8d838d2000 ---p 0000d000 08:02 6173386                    /usr/lib/jvm/java-9-openjdk-amd64/lib/amd64/libverify.so
7f8d838d2000-7f8d838d4000 r--p 0000c000 08:02 6173386                    /usr/lib/jvm/java-9-openjdk-amd64/lib/amd64/libverify.so
7f8d838d4000-7f8d838d5000 rw-p 0000e000 08:02 6173386                    /usr/lib/jvm/java-9-openjdk-amd64/lib/amd64/libverify.so
7f8d838d5000-7f8d838dc000 r-xp 00000000 08:02 3027641                    /lib/x86_64-linux-gnu/librt-2.23.so
7f8d838dc000-7f8d83adb000 ---p 00007000 08:02 3027641                    /lib/x86_64-linux-gnu/librt-2.23.so
7f8d83adb000-7f8d83adc000 r--p 00006000 08:02 3027641                    /lib/x86_64-linux-gnu/librt-2.23.so
7f8d83adc000-7f8d83add000 rw-p 00007000 08:02 3027641                    /lib/x86_64-linux-gnu/librt-2.23.so
7f8d83add000-7f8d83af3000 r-xp 00000000 08:02 3019319                    /lib/x86_64-linux-gnu/libgcc_s.so.1
7f8d83af3000-7f8d83cf2000 ---p 00016000 08:02 3019319                    /lib/x86_64-linux-gnu/libgcc_s.so.1
7f8d83cf2000-7f8d83cf3000 rw-p 00015000 08:02 3019319                    /lib/x86_64-linux-gnu/libgcc_s.so.1
7f8d83cf3000-7f8d83dfb000 r-xp 00000000 08:02 3027619                    /lib/x86_64-linux-gnu/libm-2.23.so
7f8d83dfb000-7f8d83ffa000 ---p 00108000 08:02 3027619                    /lib/x86_64-linux-gnu/libm-2.23.so
7f8d83ffa000-7f8d83ffb000 r--p 00107000 08:02 3027619                    /lib/x86_64-linux-gnu/libm-2.23.so
7f8d83ffb000-7f8d83ffc000 rw-p 00108000 08:02 3027619                    /lib/x86_64-linux-gnu/libm-2.23.so
7f8d83ffc000-7f8d8416e000 r-xp 00000000 08:02 5636495                    /usr/lib/x86_64-linux-gnu/libstdc++.so.6.0.21
7f8d8416e000-7f8d8436e000 ---p 00172000 08:02 5636495                    /usr/lib/x86_64-linux-gnu/libstdc++.so.6.0.21
7f8d8436e000-7f8d84378000 r--p 00172000 08:02 5636495                    /usr/lib/x86_64-linux-gnu/libstdc++.so.6.0.21
7f8d84378000-7f8d8437a000 rw-p 0017c000 08:02 5636495                    /usr/lib/x86_64-linux-gnu/libstdc++.so.6.0.21
7f8d8437a000-7f8d8437e000 rw-p 00000000 00:00 0 
7f8d8437e000-7f8d851dc000 r-xp 00000000 08:02 6173399                    /usr/lib/jvm/java-9-openjdk-amd64/lib/amd64/server/libjvm.so
7f8d851dc000-7f8d853dc000 ---p 00e5e000 08:02 6173399                    /usr/lib/jvm/java-9-openjdk-amd64/lib/amd64/server/libjvm.so
7f8d853dc000-7f8d8548e000 r--p 00e5e000 08:02 6173399                    /usr/lib/jvm/java-9-openjdk-amd64/lib/amd64/server/libjvm.so
7f8d8548e000-7f8d854c0000 rw-p 00f10000 08:02 6173399                    /usr/lib/jvm/java-9-openjdk-amd64/lib/amd64/server/libjvm.so
7f8d854c0000-7f8d85505000 rw-p 00000000 00:00 0 
7f8d85505000-7f8d8551d000 r-xp 00000000 08:02 3027622                    /lib/x86_64-linux-gnu/libpthread-2.23.so
7f8d8551d000-7f8d8571c000 ---p 00018000 08:02 3027622                    /lib/x86_64-linux-gnu/libpthread-2.23.so
7f8d8571c000-7f8d8571d000 r--p 00017000 08:02 3027622                    /lib/x86_64-linux-gnu/libpthread-2.23.so
7f8d8571d000-7f8d8571e000 rw-p 00018000 08:02 3027622                    /lib/x86_64-linux-gnu/libpthread-2.23.so
7f8d8571e000-7f8d85722000 rw-p 00000000 00:00 0 
7f8d85722000-7f8d85725000 r-xp 00000000 08:02 3027625                    /lib/x86_64-linux-gnu/libdl-2.23.so
7f8d85725000-7f8d85924000 ---p 00003000 08:02 3027625                    /lib/x86_64-linux-gnu/libdl-2.23.so
7f8d85924000-7f8d85925000 r--p 00002000 08:02 3027625                    /lib/x86_64-linux-gnu/libdl-2.23.so
7f8d85925000-7f8d85926000 rw-p 00003000 08:02 3027625                    /lib/x86_64-linux-gnu/libdl-2.23.so
7f8d85926000-7f8d8593f000 r-xp 00000000 08:02 3019472                    /lib/x86_64-linux-gnu/libz.so.1.2.8
7f8d8593f000-7f8d85b3e000 ---p 00019000 08:02 3019472                    /lib/x86_64-linux-gnu/libz.so.1.2.8
7f8d85b3e000-7f8d85b3f000 r--p 00018000 08:02 3019472                    /lib/x86_64-linux-gnu/libz.so.1.2.8
7f8d85b3f000-7f8d85b40000 rw-p 00019000 08:02 3019472                    /lib/x86_64-linux-gnu/libz.so.1.2.8
7f8d85b40000-7f8d85d00000 r-xp 00000000 08:02 3027623                    /lib/x86_64-linux-gnu/libc-2.23.so
7f8d85d00000-7f8d85f00000 ---p 001c0000 08:02 3027623                    /lib/x86_64-linux-gnu/libc-2.23.so
7f8d85f00000-7f8d85f04000 r--p 001c0000 08:02 3027623                    /lib/x86_64-linux-gnu/libc-2.23.so
7f8d85f04000-7f8d85f06000 rw-p 001c4000 08:02 3027623                    /lib/x86_64-linux-gnu/libc-2.23.so
7f8d85f06000-7f8d85f0a000 rw-p 00000000 00:00 0 
7f8d85f0a000-7f8d85f18000 r-xp 00000000 08:02 6173416                    /usr/lib/jvm/java-9-openjdk-amd64/lib/amd64/jli/libjli.so
7f8d85f18000-7f8d86117000 ---p 0000e000 08:02 6173416                    /usr/lib/jvm/java-9-openjdk-amd64/lib/amd64/jli/libjli.so
7f8d86117000-7f8d86118000 r--p 0000d000 08:02 6173416                    /usr/lib/jvm/java-9-openjdk-amd64/lib/amd64/jli/libjli.so
7f8d86118000-7f8d86119000 rw-p 0000e000 08:02 6173416                    /usr/lib/jvm/java-9-openjdk-amd64/lib/amd64/jli/libjli.so
7f8d86119000-7f8d8613f000 r-xp 00000000 08:02 3027621                    /lib/x86_64-linux-gnu/ld-2.23.so
7f8d8614c000-7f8d86219000 rw-p 00000000 00:00 0 
7f8d86219000-7f8d8621d000 ---p 00000000 00:00 0 
7f8d8621d000-7f8d8631e000 rw-p 00000000 00:00 0 
7f8d86327000-7f8d8632c000 rw-p 00000000 00:00 0 
7f8d8632c000-7f8d86333000 ---p 00000000 00:00 0 
7f8d86333000-7f8d8633b000 rw-s 00000000 08:02 1835049                    /tmp/hsperfdata_cborrego/18900
7f8d8633b000-7f8d8633c000 rw-p 00000000 00:00 0 
7f8d8633c000-7f8d8633d000 r--p 00000000 00:00 0 
7f8d8633d000-7f8d8633e000 rw-p 00000000 00:00 0 
7f8d8633e000-7f8d8633f000 r--p 00025000 08:02 3027621                    /lib/x86_64-linux-gnu/ld-2.23.so
7f8d8633f000-7f8d86340000 rw-p 00026000 08:02 3027621                    /lib/x86_64-linux-gnu/ld-2.23.so
7f8d86340000-7f8d86341000 rw-p 00000000 00:00 0 
7ffd3528e000-7ffd352af000 rw-p 00000000 00:00 0                          [stack]
7ffd352dc000-7ffd352df000 r--p 00000000 00:00 0                          [vvar]
7ffd352df000-7ffd352e1000 r-xp 00000000 00:00 0                          [vdso]
ffffffffff600000-ffffffffff601000 r-xp 00000000 00:00 0                  [vsyscall]

VM Arguments:
jvm_args: -Xmx512M 
java_command: core.DTNSim txt/info5.txt
java_class_path (initial): .:lib/ECLA.jar:lib/DTNConsoleConnection.jar
Launcher Type: SUN_STANDARD

Environment Variables:
PATH=/home/cborrego/bin:/home/cborrego/.local/bin:/usr/local/sbin:/usr/local/bin:/usr/sbin:/usr/bin:/sbin:/bin:/usr/games:/usr/local/games:/snap/bin
SHELL=/bin/bash
DISPLAY=:0

Signal Handlers:
SIGSEGV: [libjvm.so+0xc12c20], sa_mask[0]=11111111011111111101111111111110, sa_flags=SA_RESTART|SA_SIGINFO
SIGBUS: [libjvm.so+0xc12c20], sa_mask[0]=11111111011111111101111111111110, sa_flags=SA_RESTART|SA_SIGINFO
SIGFPE: [libjvm.so+0xc12c20], sa_mask[0]=11111111011111111101111111111110, sa_flags=SA_RESTART|SA_SIGINFO
SIGPIPE: [libjvm.so+0xa3b600], sa_mask[0]=11111111011111111101111111111110, sa_flags=SA_RESTART|SA_SIGINFO
SIGXFSZ: [libjvm.so+0xa3b600], sa_mask[0]=11111111011111111101111111111110, sa_flags=SA_RESTART|SA_SIGINFO
SIGILL: [libjvm.so+0xc12c20], sa_mask[0]=11111111011111111101111111111110, sa_flags=SA_RESTART|SA_SIGINFO
SIGUSR2: [libjvm.so+0xa3b4a0], sa_mask[0]=00000000000000000000000000000000, sa_flags=SA_RESTART|SA_SIGINFO
SIGHUP: [libjvm.so+0xa3b870], sa_mask[0]=11111111011111111101111111111110, sa_flags=SA_RESTART|SA_SIGINFO
SIGINT: [libjvm.so+0xa3b870], sa_mask[0]=11111111011111111101111111111110, sa_flags=SA_RESTART|SA_SIGINFO
SIGTERM: [libjvm.so+0xa3b870], sa_mask[0]=11111111011111111101111111111110, sa_flags=SA_RESTART|SA_SIGINFO
SIGQUIT: [libjvm.so+0xa3b870], sa_mask[0]=11111111011111111101111111111110, sa_flags=SA_RESTART|SA_SIGINFO


---------------  S Y S T E M  ---------------

OS:DISTRIB_ID=Ubuntu
DISTRIB_RELEASE=16.04
DISTRIB_CODENAME=xenial
DISTRIB_DESCRIPTION="Ubuntu 16.04.3 LTS"
uname:Linux 4.15.0-34-generic #37~16.04.1-Ubuntu SMP Tue Aug 28 10:44:06 UTC 2018 x86_64
libc:glibc 2.23 NPTL 2.23 
rlimit: STACK 8192k, CORE 0k, NPROC 30986, NOFILE 1048576, AS infinity
load average:2,23 2,95 3,34

/proc/meminfo:
MemTotal:        8046400 kB
MemFree:          821280 kB
MemAvailable:    3224096 kB
Buffers:          306848 kB
Cached:          2627584 kB
SwapCached:            0 kB
Active:          5646148 kB
Inactive:        1211624 kB
Active(anon):    3922920 kB
Inactive(anon):   426884 kB
Active(file):    1723228 kB
Inactive(file):   784740 kB
Unevictable:          48 kB
Mlocked:              48 kB
SwapTotal:       8266748 kB
SwapFree:        8266748 kB
Dirty:               844 kB
Writeback:             0 kB
AnonPages:       3923848 kB
Mapped:           525740 kB
Shmem:            426044 kB
Slab:             249040 kB
SReclaimable:     203612 kB
SUnreclaim:        45428 kB
KernelStack:       11088 kB
PageTables:        49056 kB
NFS_Unstable:          0 kB
Bounce:                0 kB
WritebackTmp:          0 kB
CommitLimit:    12289948 kB
Committed_AS:   12479460 kB
VmallocTotal:   34359738367 kB
VmallocUsed:           0 kB
VmallocChunk:          0 kB
HardwareCorrupted:     0 kB
AnonHugePages:         0 kB
ShmemHugePages:        0 kB
ShmemPmdMapped:        0 kB
CmaTotal:              0 kB
CmaFree:               0 kB
HugePages_Total:       0
HugePages_Free:        0
HugePages_Rsvd:        0
HugePages_Surp:        0
Hugepagesize:       2048 kB
DirectMap4k:      159120 kB
DirectMap2M:     7059456 kB
DirectMap1G:     1048576 kB


CPU:total 4 (2 cores per cpu, 2 threads per core) family 6 model 78 stepping 3, cmov, cx8, fxsr, mmx, sse, sse2, sse3, ssse3, sse4.1, sse4.2, popcnt, avx, avx2, aes, clmul, erms, 3dnowpref, lzcnt, ht, tsc, tscinvbit, bmi1, bmi2, adx

CPU Model and flags from /proc/cpuinfo:
model name	: Intel(R) Core(TM) i3-6006U CPU @ 2.00GHz
flags		: fpu vme de pse tsc msr pae mce cx8 apic sep mtrr pge mca cmov pat pse36 clflush dts acpi mmx fxsr sse sse2 ss ht tm pbe syscall nx pdpe1gb rdtscp lm constant_tsc art arch_perfmon pebs bts rep_good nopl xtopology nonstop_tsc cpuid aperfmperf tsc_known_freq pni pclmulqdq dtes64 monitor ds_cpl vmx est tm2 ssse3 sdbg fma cx16 xtpr pdcm pcid sse4_1 sse4_2 x2apic movbe popcnt tsc_deadline_timer aes xsave avx f16c rdrand lahf_lm abm 3dnowprefetch cpuid_fault epb invpcid_single pti ssbd ibrs ibpb stibp tpr_shadow vnmi flexpriority ept vpid fsgsbase tsc_adjust bmi1 avx2 smep bmi2 erms invpcid mpx rdseed adx smap clflushopt intel_pt xsaveopt xsavec xgetbv1 xsaves dtherm arat pln pts hwp hwp_notify hwp_act_window hwp_epp flush_l1d

Memory: 4k page, physical 8046400k(821280k free), swap 8266748k(8266748k free)

vm_info: OpenJDK 64-Bit Server VM (9-internal+0-2016-04-14-195246.buildd.src) for linux-amd64 JRE (9-internal+0-2016-04-14-195246.buildd.src), built on Apr 14 2016 20:05:37 by "buildd" with gcc 5.3.1 20160413

END.
